c:\users\администратор\documents\visual studio 2015\projects\lab_solutions\lab_08_01\debug\vc140.pdb
c:\users\администратор\documents\visual studio 2015\projects\lab_solutions\lab_08_01\debug\vc140.idb
c:\users\администратор\documents\visual studio 2015\projects\lab_solutions\lab_08_01\debug\lab_08_01.obj
c:\users\администратор\documents\visual studio 2015\projects\lab_solutions\debug\lab_08_work_01.pdb
c:\users\администратор\documents\visual studio 2015\projects\lab_solutions\lab_08_01\debug\lab_08_work_01.tlog\cl.command.1.tlog
c:\users\администратор\documents\visual studio 2015\projects\lab_solutions\lab_08_01\debug\lab_08_work_01.tlog\cl.read.1.tlog
c:\users\администратор\documents\visual studio 2015\projects\lab_solutions\lab_08_01\debug\lab_08_work_01.tlog\cl.write.1.tlog
c:\users\администратор\documents\visual studio 2015\projects\lab_solutions\lab_08_01\debug\lab_08_work_01.tlog\link-cvtres.read.1.tlog
c:\users\администратор\documents\visual studio 2015\projects\lab_solutions\lab_08_01\debug\lab_08_work_01.tlog\link-cvtres.write.1.tlog
c:\users\администратор\documents\visual studio 2015\projects\lab_solutions\lab_08_01\debug\lab_08_work_01.tlog\link-rc.read.1.tlog
c:\users\администратор\documents\visual studio 2015\projects\lab_solutions\lab_08_01\debug\lab_08_work_01.tlog\link-rc.write.1.tlog
c:\users\администратор\documents\visual studio 2015\projects\lab_solutions\lab_08_01\debug\lab_08_work_01.tlog\link.6004-cvtres.read.1.tlog
c:\users\администратор\documents\visual studio 2015\projects\lab_solutions\lab_08_01\debug\lab_08_work_01.tlog\link.6004-cvtres.write.1.tlog
c:\users\администратор\documents\visual studio 2015\projects\lab_solutions\lab_08_01\debug\lab_08_work_01.tlog\link.6004-rc.read.1.tlog
c:\users\администратор\documents\visual studio 2015\projects\lab_solutions\lab_08_01\debug\lab_08_work_01.tlog\link.6004-rc.write.1.tlog
c:\users\администратор\documents\visual studio 2015\projects\lab_solutions\lab_08_01\debug\lab_08_work_01.tlog\link.6004.read.1.tlog
c:\users\администратор\documents\visual studio 2015\projects\lab_solutions\lab_08_01\debug\lab_08_work_01.tlog\link.6004.write.1.tlog
c:\users\администратор\documents\visual studio 2015\projects\lab_solutions\lab_08_01\debug\lab_08_work_01.tlog\link.command.1.tlog
c:\users\администратор\documents\visual studio 2015\projects\lab_solutions\lab_08_01\debug\lab_08_work_01.tlog\link.read.1.tlog
c:\users\администратор\documents\visual studio 2015\projects\lab_solutions\lab_08_01\debug\lab_08_work_01.tlog\link.write.1.tlog
