2016-10-16 15:15:59: -- Analysis Started by User
2016-10-16 15:15:59: Слева: State file does not exist: E:/Projects/VisualStudio/Lab_Solutions/_gsdata_/_file_state_v4._gs
2016-10-16 15:15:59: Справа: State file does not exist: gdrive://www.googleapis.com/POIS_OPEN/Projects/Projects/Lab_Solutions/_gsdata_/_file_state_v4._gs
2016-10-16 15:16:12: /Debug/lab2_02_work_02.exe: Внимание: Новый файл заменяется старым
2016-10-16 15:16:12: /Debug/lab2_02_work_02.ilk: Внимание: Новый файл заменяется старым
2016-10-16 15:16:12: /Debug/lab2_02_work_02.pdb: Внимание: Новый файл заменяется старым
2016-10-16 15:16:12: /Debug/lab_01.exe: Внимание: Новый файл заменяется старым
2016-10-16 15:16:12: /Debug/lab_01.ilk: Внимание: Новый файл заменяется старым
2016-10-16 15:16:12: /Debug/lab_01.pdb: Внимание: Новый файл заменяется старым
2016-10-16 15:16:12: /Debug/lab_02_work_03.exe: Внимание: Новый файл заменяется старым
2016-10-16 15:16:12: /Debug/lab_02_work_03.ilk: Внимание: Новый файл заменяется старым
2016-10-16 15:16:12: /Debug/lab_02_work_03.pdb: Внимание: Новый файл заменяется старым
2016-10-16 15:16:12: /Debug/lab_02_work_05.exe: Внимание: Новый файл заменяется старым
2016-10-16 15:16:12: /Debug/lab_02_work_05.ilk: Внимание: Новый файл заменяется старым
2016-10-16 15:16:12: /Debug/lab_02_work_05.pdb: Внимание: Новый файл заменяется старым
2016-10-16 15:16:12: /Debug/lab_03_work_01.exe: Внимание: Новый файл заменяется старым
2016-10-16 15:16:12: /Debug/lab_03_work_01.ilk: Внимание: Новый файл заменяется старым
2016-10-16 15:16:12: /Debug/lab_03_work_01.pdb: Внимание: Новый файл заменяется старым
2016-10-16 15:16:12: /Debug/lab_2_work_04.exe: Внимание: Новый файл заменяется старым
2016-10-16 15:16:12: /Debug/lab_2_work_04.ilk: Внимание: Новый файл заменяется старым
2016-10-16 15:16:12: /Debug/lab_2_work_04.pdb: Внимание: Новый файл заменяется старым
2016-10-16 15:16:12: /lab2/Debug/lab2_02_work_02.tlog/CL.command.1.tlog: Внимание: Новый файл заменяется старым
2016-10-16 15:16:12: /lab2/Debug/lab2_02_work_02.tlog/CL.read.1.tlog: Внимание: Новый файл заменяется старым
2016-10-16 15:16:12: /lab2/Debug/lab2_02_work_02.tlog/CL.write.1.tlog: Внимание: Новый файл заменяется старым
2016-10-16 15:16:12: /lab2/Debug/lab2_02_work_02.tlog/lab2_02_work_02.lastbuildstate: Внимание: Новый файл заменяется старым
2016-10-16 15:16:12: /lab2/Debug/lab2_02_work_02.tlog/link.command.1.tlog: Внимание: Новый файл заменяется старым
2016-10-16 15:16:12: /lab2/Debug/lab2_02_work_02.tlog/link.read.1.tlog: Внимание: Новый файл заменяется старым
2016-10-16 15:16:12: /lab2/Debug/lab2_02_work_02.tlog/link.write.1.tlog: Внимание: Новый файл заменяется старым
2016-10-16 15:16:12: /lab2/Debug/lab_02_work_02.Build.CppClean.log: Внимание: Новый файл заменяется старым
2016-10-16 15:16:12: /lab2/Debug/main.obj: Внимание: Новый файл заменяется старым
2016-10-16 15:16:12: /lab2/lab2.vcxproj: Внимание: Новый файл заменяется старым
2016-10-16 15:16:12: /lab2/lab2.vcxproj.filters: Внимание: Новый файл заменяется старым
2016-10-16 15:16:12: /lab2/lab_02_02.cpp: Внимание: Новый файл заменяется старым
2016-10-16 15:16:12: /lab_01/Debug/lab_01.tlog/CL.command.1.tlog: Внимание: Новый файл заменяется старым
2016-10-16 15:16:12: /lab_01/Debug/lab_01.tlog/CL.read.1.tlog: Внимание: Новый файл заменяется старым
2016-10-16 15:16:12: /lab_01/Debug/lab_01.tlog/CL.write.1.tlog: Внимание: Новый файл заменяется старым
2016-10-16 15:16:12: /lab_01/Debug/lab_01.tlog/lab_01.lastbuildstate: Внимание: Новый файл заменяется старым
2016-10-16 15:16:12: /lab_01/Debug/lab_01.tlog/link.command.1.tlog: Внимание: Новый файл заменяется старым
2016-10-16 15:16:12: /lab_01/Debug/lab_01.tlog/link.read.1.tlog: Внимание: Новый файл заменяется старым
2016-10-16 15:16:12: /lab_01/Debug/lab_01.tlog/link.write.1.tlog: Внимание: Новый файл заменяется старым
2016-10-16 15:16:12: /lab_01/Debug/lab_02_work_01.Build.CppClean.log: Внимание: Новый файл заменяется старым
2016-10-16 15:16:12: /lab_01/Debug/main.obj: Внимание: Новый файл заменяется старым
2016-10-16 15:16:12: /lab_01/lab_01.vcxproj: Внимание: Новый файл заменяется старым
2016-10-16 15:16:12: /lab_01/lab_01.vcxproj.filters: Внимание: Новый файл заменяется старым
2016-10-16 15:16:12: /lab_01/lab_01.vcxproj.user: Внимание: Новый файл заменяется старым
2016-10-16 15:16:12: /lab_01/lab_02_01.cpp: Внимание: Новый файл заменяется старым
2016-10-16 15:16:12: /lab_02_work_03/Debug/lab_02_03.obj: Внимание: Новый файл заменяется старым
2016-10-16 15:16:12: /lab_02_work_03/Debug/lab_02_work_03.Build.CppClean.log: Внимание: Новый файл заменяется старым
2016-10-16 15:16:12: /lab_02_work_03/Debug/lab_02_work_03.log: Внимание: Новый файл заменяется старым
2016-10-16 15:16:12: /lab_02_work_03/Debug/lab_02_work_03.tlog/CL.command.1.tlog: Внимание: Новый файл заменяется старым
2016-10-16 15:16:12: /lab_02_work_03/Debug/lab_02_work_03.tlog/CL.read.1.tlog: Внимание: Новый файл заменяется старым
2016-10-16 15:16:12: /lab_02_work_03/Debug/lab_02_work_03.tlog/CL.write.1.tlog: Внимание: Новый файл заменяется старым
2016-10-16 15:16:12: /lab_02_work_03/Debug/lab_02_work_03.tlog/lab_02_work_03.lastbuildstate: Внимание: Новый файл заменяется старым
2016-10-16 15:16:12: /lab_02_work_03/Debug/lab_02_work_03.tlog/link.command.1.tlog: Внимание: Новый файл заменяется старым
2016-10-16 15:16:12: /lab_02_work_03/Debug/lab_02_work_03.tlog/link.read.1.tlog: Внимание: Новый файл заменяется старым
2016-10-16 15:16:12: /lab_02_work_03/Debug/lab_02_work_03.tlog/link.write.1.tlog: Внимание: Новый файл заменяется старым
2016-10-16 15:16:12: /lab_02_work_03/Debug/main.obj: Внимание: Новый файл заменяется старым
2016-10-16 15:16:12: /lab_02_work_03/Debug/vc140.idb: Внимание: Новый файл заменяется старым
2016-10-16 15:16:12: /lab_02_work_03/Debug/vc140.pdb: Внимание: Новый файл заменяется старым
2016-10-16 15:16:12: /lab_02_work_03/lab_02_03.cpp: Внимание: Новый файл заменяется старым
2016-10-16 15:16:12: /lab_02_work_03/lab_02_work_03.vcxproj: Внимание: Новый файл заменяется старым
2016-10-16 15:16:12: /lab_02_work_03/lab_02_work_03.vcxproj.filters: Внимание: Новый файл заменяется старым
2016-10-16 15:16:12: /lab_02_work_03/lab_02_work_03.vcxproj.user: Внимание: Новый файл заменяется старым
2016-10-16 15:16:12: /lab_02_work_05/Debug/lab_02_05.obj: Внимание: Новый файл заменяется старым
2016-10-16 15:16:12: /lab_02_work_05/Debug/lab_02_work_05.Build.CppClean.log: Внимание: Новый файл заменяется старым
2016-10-16 15:16:12: /lab_02_work_05/Debug/lab_02_work_05.log: Внимание: Новый файл заменяется старым
2016-10-16 15:16:12: /lab_02_work_05/Debug/lab_02_work_05.tlog/CL.command.1.tlog: Внимание: Новый файл заменяется старым
2016-10-16 15:16:12: /lab_02_work_05/Debug/lab_02_work_05.tlog/CL.read.1.tlog: Внимание: Новый файл заменяется старым
2016-10-16 15:16:12: /lab_02_work_05/Debug/lab_02_work_05.tlog/CL.write.1.tlog: Внимание: Новый файл заменяется старым
2016-10-16 15:16:12: /lab_02_work_05/Debug/lab_02_work_05.tlog/lab_02_work_05.lastbuildstate: Внимание: Новый файл заменяется старым
2016-10-16 15:16:12: /lab_02_work_05/Debug/lab_02_work_05.tlog/link.command.1.tlog: Внимание: Новый файл заменяется старым
2016-10-16 15:16:12: /lab_02_work_05/Debug/lab_02_work_05.tlog/link.read.1.tlog: Внимание: Новый файл заменяется старым
2016-10-16 15:16:12: /lab_02_work_05/Debug/lab_02_work_05.tlog/link.write.1.tlog: Внимание: Новый файл заменяется старым
2016-10-16 15:16:12: /lab_02_work_05/Debug/main.obj: Внимание: Новый файл заменяется старым
2016-10-16 15:16:12: /lab_02_work_05/Debug/vc140.idb: Внимание: Новый файл заменяется старым
2016-10-16 15:16:12: /lab_02_work_05/Debug/vc140.pdb: Внимание: Новый файл заменяется старым
2016-10-16 15:16:12: /lab_02_work_05/lab_02_05.cpp: Внимание: Новый файл заменяется старым
2016-10-16 15:16:12: /lab_02_work_05/lab_02_work_05.vcxproj: Внимание: Новый файл заменяется старым
2016-10-16 15:16:12: /lab_02_work_05/lab_02_work_05.vcxproj.filters: Внимание: Новый файл заменяется старым
2016-10-16 15:16:12: /lab_03_work_01/Debug/lab_03_01.obj: Внимание: Новый файл заменяется старым
2016-10-16 15:16:12: /lab_03_work_01/Debug/lab_03_work_01.log: Внимание: Новый файл заменяется старым
2016-10-16 15:16:12: /lab_03_work_01/Debug/lab_03_work_01.tlog/CL.command.1.tlog: Внимание: Новый файл заменяется старым
2016-10-16 15:16:12: /lab_03_work_01/Debug/lab_03_work_01.tlog/CL.read.1.tlog: Внимание: Новый файл заменяется старым
2016-10-16 15:16:12: /lab_03_work_01/Debug/lab_03_work_01.tlog/CL.write.1.tlog: Внимание: Новый файл заменяется старым
2016-10-16 15:16:12: /lab_03_work_01/Debug/lab_03_work_01.tlog/lab_03_work_01.lastbuildstate: Внимание: Новый файл заменяется старым
2016-10-16 15:16:12: /lab_03_work_01/Debug/lab_03_work_01.tlog/link.command.1.tlog: Внимание: Новый файл заменяется старым
2016-10-16 15:16:12: /lab_03_work_01/Debug/lab_03_work_01.tlog/link.read.1.tlog: Внимание: Новый файл заменяется старым
2016-10-16 15:16:12: /lab_03_work_01/Debug/lab_03_work_01.tlog/link.write.1.tlog: Внимание: Новый файл заменяется старым
2016-10-16 15:16:12: /lab_03_work_01/Debug/main.obj: Внимание: Новый файл заменяется старым
2016-10-16 15:16:12: /lab_03_work_01/Debug/vc140.idb: Внимание: Новый файл заменяется старым
2016-10-16 15:16:12: /lab_03_work_01/Debug/vc140.pdb: Внимание: Новый файл заменяется старым
2016-10-16 15:16:12: /lab_03_work_01/lab_03_work_01.vcxproj: Внимание: Новый файл заменяется старым
2016-10-16 15:16:12: /lab_03_work_01/lab_03_work_01.vcxproj.filters: Внимание: Новый файл заменяется старым
2016-10-16 15:16:12: /lab_04_work_01/Debug/main.obj: Внимание: Новый файл заменяется старым
2016-10-16 15:16:12: /lab_04_work_01/lab_04_work_01.vcxproj: Внимание: Новый файл заменяется старым
2016-10-16 15:16:12: /lab_04_work_01/lab_04_work_01.vcxproj.filters: Внимание: Новый файл заменяется старым
2016-10-16 15:16:12: /lab_2_work_04/Debug/lab_02_work_04.Build.CppClean.log: Внимание: Новый файл заменяется старым
2016-10-16 15:16:12: /lab_2_work_04/Debug/lab_2_work_04.Build.CppClean.log: Внимание: Новый файл заменяется старым
2016-10-16 15:16:12: /lab_2_work_04/Debug/lab_2_work_04.tlog/CL.command.1.tlog: Внимание: Новый файл заменяется старым
2016-10-16 15:16:12: /lab_2_work_04/Debug/lab_2_work_04.tlog/CL.read.1.tlog: Внимание: Новый файл заменяется старым
2016-10-16 15:16:12: /lab_2_work_04/Debug/lab_2_work_04.tlog/CL.write.1.tlog: Внимание: Новый файл заменяется старым
2016-10-16 15:16:12: /lab_2_work_04/Debug/lab_2_work_04.tlog/lab_2_work_04.lastbuildstate: Внимание: Новый файл заменяется старым
2016-10-16 15:16:12: /lab_2_work_04/Debug/lab_2_work_04.tlog/link.command.1.tlog: Внимание: Новый файл заменяется старым
2016-10-16 15:16:12: /lab_2_work_04/Debug/lab_2_work_04.tlog/link.read.1.tlog: Внимание: Новый файл заменяется старым
2016-10-16 15:16:12: /lab_2_work_04/Debug/lab_2_work_04.tlog/link.write.1.tlog: Внимание: Новый файл заменяется старым
2016-10-16 15:16:12: /lab_2_work_04/Debug/main.obj: Внимание: Новый файл заменяется старым
2016-10-16 15:16:12: /lab_2_work_04/lab_02_04.cpp: Внимание: Новый файл заменяется старым
2016-10-16 15:16:12: /lab_2_work_04/lab_2_work_04.vcxproj: Внимание: Новый файл заменяется старым
2016-10-16 15:16:12: /lab_2_work_04/lab_2_work_04.vcxproj.filters: Внимание: Новый файл заменяется старым
2016-10-16 15:16:12: Изменений: 284, Конфликтов: 0, Копий Времени: 0, Копий Состояния: 0/29, Ошибок: 0, All: 313
2016-10-16 15:16:12: Left to Right: Copy File: 284 
2016-10-16 15:16:12: ----- Анализ завершён. Время 00:00:15, Скорость: 20 файлов/сек -----
2016-10-16 15:16:12: 
2016-10-16 15:20:14: New _gsdata_ folder(s) created, so rescan all job folders for their ghosts
2016-10-16 15:20:14: == Sync Started by User
2016-10-16 15:20:17: Создана Папка 'gdrive://www.googleapis.com/POIS_OPEN/Projects/Projects/Lab_Solutions/lab_04_work_2'
2016-10-16 15:20:17: Создана Папка 'gdrive://www.googleapis.com/POIS_OPEN/Projects/Projects/Lab_Solutions/lab_04_work_2/Debug'
2016-10-16 15:20:18: Создана Папка 'gdrive://www.googleapis.com/POIS_OPEN/Projects/Projects/Lab_Solutions/lab_04_work_2/Debug/lab_04_work_2.tlog'
2016-10-16 15:20:19: Создана Папка 'gdrive://www.googleapis.com/POIS_OPEN/Projects/Projects/Lab_Solutions/lab_05_work_01'
2016-10-16 15:20:20: Создана Папка 'gdrive://www.googleapis.com/POIS_OPEN/Projects/Projects/Lab_Solutions/lab_05_work_01/Debug'
2016-10-16 15:20:21: Создана Папка 'gdrive://www.googleapis.com/POIS_OPEN/Projects/Projects/Lab_Solutions/lab_05_work_01/Debug/lab_05_work_01.tlog'
2016-10-16 15:20:21: Создана Папка 'gdrive://www.googleapis.com/POIS_OPEN/Projects/Projects/Lab_Solutions/lab_05_work_02'
2016-10-16 15:20:22: Создана Папка 'gdrive://www.googleapis.com/POIS_OPEN/Projects/Projects/Lab_Solutions/lab_05_work_02/Debug'
2016-10-16 15:20:23: Создана Папка 'gdrive://www.googleapis.com/POIS_OPEN/Projects/Projects/Lab_Solutions/lab_05_work_02/Debug/lab_05_work_02.tlog'
2016-10-16 15:20:23: Создана Папка 'gdrive://www.googleapis.com/POIS_OPEN/Projects/Projects/Lab_Solutions/lab_06_work_01'
2016-10-16 15:20:25: Создана Папка 'gdrive://www.googleapis.com/POIS_OPEN/Projects/Projects/Lab_Solutions/lab_06_work_01/Debug'
2016-10-16 15:20:26: Создана Папка 'gdrive://www.googleapis.com/POIS_OPEN/Projects/Projects/Lab_Solutions/lab_06_work_01/Debug/lab_06_work_01.tlog'
2016-10-16 15:20:27: Создана Папка 'gdrive://www.googleapis.com/POIS_OPEN/Projects/Projects/Lab_Solutions/lab_07_work_01'
2016-10-16 15:20:28: Создана Папка 'gdrive://www.googleapis.com/POIS_OPEN/Projects/Projects/Lab_Solutions/lab_07_work_01/Debug'
2016-10-16 15:20:29: Создана Папка 'gdrive://www.googleapis.com/POIS_OPEN/Projects/Projects/Lab_Solutions/lab_07_work_01/Debug/lab_07_work_01.tlog'
2016-10-16 15:20:45: Скопировано поверх 'E:/Projects/VisualStudio/Lab_Solutions/.vs/Lab_Solutions/v14/.suo' -> 'gdrive://www.googleapis.com/POIS_OPEN/Projects/Projects/Lab_Solutions/.vs/Lab_Solutions/v14/.suo'
2016-10-16 15:20:52: Скопировано поверх 'E:/Projects/VisualStudio/Lab_Solutions/Debug/lab2_02_work_02.exe' -> 'gdrive://www.googleapis.com/POIS_OPEN/Projects/Projects/Lab_Solutions/Debug/lab2_02_work_02.exe'
2016-10-16 15:21:48: Скопировано поверх 'E:/Projects/VisualStudio/Lab_Solutions/Debug/lab2_02_work_02.ilk' -> 'gdrive://www.googleapis.com/POIS_OPEN/Projects/Projects/Lab_Solutions/Debug/lab2_02_work_02.ilk'
2016-10-16 15:23:13: Скопировано поверх 'E:/Projects/VisualStudio/Lab_Solutions/Debug/lab2_02_work_02.pdb' -> 'gdrive://www.googleapis.com/POIS_OPEN/Projects/Projects/Lab_Solutions/Debug/lab2_02_work_02.pdb'
2016-10-16 15:23:14: Waiting for 8 sec on verb POST: Server says: Forbidden (status code 403), Only the owner can copy abusive files.
2016-10-16 15:23:22: Waiting for 16 sec on verb POST: Server says: Forbidden (status code 403), Only the owner can copy abusive files.
2016-10-16 15:23:40: Waiting for 30 sec on verb POST: Server says: Forbidden (status code 403), Only the owner can copy abusive files.
2016-10-16 15:24:11: Waiting for 30 sec on verb POST: Server says: Forbidden (status code 403), Only the owner can copy abusive files.
2016-10-16 15:24:41: Waiting for 30 sec on verb POST: Server says: Forbidden (status code 403), Only the owner can copy abusive files.
2016-10-16 15:25:12: Waiting for 30 sec on verb POST: Server says: Forbidden (status code 403), Only the owner can copy abusive files.
2016-10-16 15:25:44: Скопировано поверх 'E:/Projects/VisualStudio/Lab_Solutions/Debug/lab_01.exe' -> 'gdrive://www.googleapis.com/POIS_OPEN/Projects/Projects/Lab_Solutions/Debug/lab_01.exe'
- ОШИБКА: no reply after 151(120)-sec timeout: Server says: Forbidden (status code 403), Only the owner can copy abusive files.
2016-10-16 15:25:44: Сохраняю файл состояний 
- ERROR: Do not save state file on disconnected file system: gdrive://www.googleapis.com/POIS_OPEN/Projects/Projects/Lab_Solutions/_gsdata_/_file_state_v4._gs
2016-10-16 15:25:44: no reply after 151(120)-sec timeout: Server says: Forbidden (status code 403), Only the owner can copy abusive files.
2016-10-16 15:25:44: 
2016-10-16 15:27:03: == Sync Started by User
2016-10-16 15:27:06: Delete abandoned lock file at gdrive://www.googleapis.com/POIS_OPEN/Projects/Projects/Lab_Solutions
2016-10-16 15:27:10: Waiting for 8 sec on verb POST: Server says: Forbidden (status code 403), Only the owner can copy abusive files.
2016-10-16 15:27:18: Waiting for 16 sec on verb POST: Server says: Forbidden (status code 403), Only the owner can copy abusive files.
2016-10-16 15:27:35: Waiting for 30 sec on verb POST: Server says: Forbidden (status code 403), Only the owner can copy abusive files.
2016-10-16 15:28:06: Waiting for 30 sec on verb POST: Server says: Forbidden (status code 403), Only the owner can copy abusive files.
2016-10-16 15:28:37: Waiting for 30 sec on verb POST: Server says: Forbidden (status code 403), Only the owner can copy abusive files.
2016-10-16 15:29:08: Waiting for 30 sec on verb POST: Server says: Forbidden (status code 403), Only the owner can copy abusive files.
2016-10-16 15:29:39: Скопировано поверх 'E:/Projects/VisualStudio/Lab_Solutions/Debug/lab_01.exe' -> 'gdrive://www.googleapis.com/POIS_OPEN/Projects/Projects/Lab_Solutions/Debug/lab_01.exe'
- ОШИБКА: no reply after 150(120)-sec timeout: Server says: Forbidden (status code 403), Only the owner can copy abusive files.
2016-10-16 15:29:39: Сохраняю файл состояний 
- ERROR: Do not save state file on disconnected file system: gdrive://www.googleapis.com/POIS_OPEN/Projects/Projects/Lab_Solutions/_gsdata_/_file_state_v4._gs
2016-10-16 15:29:39: no reply after 150(120)-sec timeout: Server says: Forbidden (status code 403), Only the owner can copy abusive files.
2016-10-16 15:29:39: 
