2016-10-16 23:42:40: -- Analysis Started by User
2016-10-16 23:42:40: Справа: State file does not exist: gdrive://www.googleapis.com/POIS_OPEN/Projects/Projects/Lab_Solutions/_gsdata_/_file_state_v4._gs
2016-10-16 23:42:41: Изменений: 313, Конфликтов: 0, Копий Времени: 0, Копий Состояния: 0/0, Ошибок: 0, All: 314
2016-10-16 23:42:41: Left to Right: Copy File: 313 
2016-10-16 23:42:41: ----- Анализ завершён. Время 00:00:03, Скорость: 104 файлов/сек -----
2016-10-16 23:42:41: 
2016-10-16 23:42:47: New _gsdata_ folder(s) created, so rescan all job folders for their ghosts
2016-10-16 23:42:47: == Sync Started by User
2016-10-16 23:42:49: Создана Папка 'gdrive://www.googleapis.com/POIS_OPEN/Projects/Projects/Lab_Solutions/.vs'
2016-10-16 23:42:49: Создана Папка 'gdrive://www.googleapis.com/POIS_OPEN/Projects/Projects/Lab_Solutions/.vs/Lab_Solutions'
2016-10-16 23:42:50: Создана Папка 'gdrive://www.googleapis.com/POIS_OPEN/Projects/Projects/Lab_Solutions/.vs/Lab_Solutions/v14'
2016-10-16 23:42:50: Создана Папка 'gdrive://www.googleapis.com/POIS_OPEN/Projects/Projects/Lab_Solutions/Debug'
2016-10-16 23:42:51: Создана Папка 'gdrive://www.googleapis.com/POIS_OPEN/Projects/Projects/Lab_Solutions/lab2'
2016-10-16 23:42:52: Создана Папка 'gdrive://www.googleapis.com/POIS_OPEN/Projects/Projects/Lab_Solutions/lab2/Debug'
2016-10-16 23:42:52: Создана Папка 'gdrive://www.googleapis.com/POIS_OPEN/Projects/Projects/Lab_Solutions/lab2/Debug/lab2.tlog'
2016-10-16 23:42:53: Создана Папка 'gdrive://www.googleapis.com/POIS_OPEN/Projects/Projects/Lab_Solutions/lab2/Debug/lab2_02_work_02.tlog'
2016-10-16 23:42:53: Создана Папка 'gdrive://www.googleapis.com/POIS_OPEN/Projects/Projects/Lab_Solutions/lab2/Debug/lab_02_work_02.tlog'
2016-10-16 23:42:54: Создана Папка 'gdrive://www.googleapis.com/POIS_OPEN/Projects/Projects/Lab_Solutions/lab_01'
2016-10-16 23:42:55: Создана Папка 'gdrive://www.googleapis.com/POIS_OPEN/Projects/Projects/Lab_Solutions/lab_01/Debug'
2016-10-16 23:42:55: Создана Папка 'gdrive://www.googleapis.com/POIS_OPEN/Projects/Projects/Lab_Solutions/lab_01/Debug/lab_01.tlog'
2016-10-16 23:42:56: Создана Папка 'gdrive://www.googleapis.com/POIS_OPEN/Projects/Projects/Lab_Solutions/lab_01/Debug/lab_02_work_01.tlog'
2016-10-16 23:42:56: Создана Папка 'gdrive://www.googleapis.com/POIS_OPEN/Projects/Projects/Lab_Solutions/lab_02_work_03'
2016-10-16 23:42:57: Создана Папка 'gdrive://www.googleapis.com/POIS_OPEN/Projects/Projects/Lab_Solutions/lab_02_work_03/Debug'
2016-10-16 23:42:58: Создана Папка 'gdrive://www.googleapis.com/POIS_OPEN/Projects/Projects/Lab_Solutions/lab_02_work_03/Debug/lab_02_work_03.tlog'
2016-10-16 23:42:58: Создана Папка 'gdrive://www.googleapis.com/POIS_OPEN/Projects/Projects/Lab_Solutions/lab_02_work_05'
2016-10-16 23:42:59: Создана Папка 'gdrive://www.googleapis.com/POIS_OPEN/Projects/Projects/Lab_Solutions/lab_02_work_05/Debug'
2016-10-16 23:43:00: Создана Папка 'gdrive://www.googleapis.com/POIS_OPEN/Projects/Projects/Lab_Solutions/lab_02_work_05/Debug/lab_02_work_05.tlog'
2016-10-16 23:43:00: Создана Папка 'gdrive://www.googleapis.com/POIS_OPEN/Projects/Projects/Lab_Solutions/lab_03_work_01'
2016-10-16 23:43:01: Создана Папка 'gdrive://www.googleapis.com/POIS_OPEN/Projects/Projects/Lab_Solutions/lab_03_work_01/Debug'
2016-10-16 23:43:02: Создана Папка 'gdrive://www.googleapis.com/POIS_OPEN/Projects/Projects/Lab_Solutions/lab_03_work_01/Debug/lab_03_work_01.tlog'
2016-10-16 23:43:02: Создана Папка 'gdrive://www.googleapis.com/POIS_OPEN/Projects/Projects/Lab_Solutions/lab_04_work_01'
2016-10-16 23:43:03: Создана Папка 'gdrive://www.googleapis.com/POIS_OPEN/Projects/Projects/Lab_Solutions/lab_04_work_01/Debug'
2016-10-16 23:43:04: Создана Папка 'gdrive://www.googleapis.com/POIS_OPEN/Projects/Projects/Lab_Solutions/lab_04_work_01/Debug/lab_04_work_01.tlog'
2016-10-16 23:43:04: Создана Папка 'gdrive://www.googleapis.com/POIS_OPEN/Projects/Projects/Lab_Solutions/lab_04_work_2'
2016-10-16 23:43:05: Создана Папка 'gdrive://www.googleapis.com/POIS_OPEN/Projects/Projects/Lab_Solutions/lab_04_work_2/Debug'
2016-10-16 23:43:06: Создана Папка 'gdrive://www.googleapis.com/POIS_OPEN/Projects/Projects/Lab_Solutions/lab_04_work_2/Debug/lab_04_work_2.tlog'
2016-10-16 23:43:06: Создана Папка 'gdrive://www.googleapis.com/POIS_OPEN/Projects/Projects/Lab_Solutions/lab_05_work_01'
2016-10-16 23:43:07: Создана Папка 'gdrive://www.googleapis.com/POIS_OPEN/Projects/Projects/Lab_Solutions/lab_05_work_01/Debug'
2016-10-16 23:43:08: Создана Папка 'gdrive://www.googleapis.com/POIS_OPEN/Projects/Projects/Lab_Solutions/lab_05_work_01/Debug/lab_05_work_01.tlog'
2016-10-16 23:43:08: Создана Папка 'gdrive://www.googleapis.com/POIS_OPEN/Projects/Projects/Lab_Solutions/lab_05_work_02'
2016-10-16 23:43:09: Создана Папка 'gdrive://www.googleapis.com/POIS_OPEN/Projects/Projects/Lab_Solutions/lab_05_work_02/Debug'
2016-10-16 23:43:10: Создана Папка 'gdrive://www.googleapis.com/POIS_OPEN/Projects/Projects/Lab_Solutions/lab_05_work_02/Debug/lab_05_work_02.tlog'
2016-10-16 23:43:11: Создана Папка 'gdrive://www.googleapis.com/POIS_OPEN/Projects/Projects/Lab_Solutions/lab_06_work_01'
2016-10-16 23:43:11: Создана Папка 'gdrive://www.googleapis.com/POIS_OPEN/Projects/Projects/Lab_Solutions/lab_06_work_01/Debug'
2016-10-16 23:43:12: Создана Папка 'gdrive://www.googleapis.com/POIS_OPEN/Projects/Projects/Lab_Solutions/lab_06_work_01/Debug/lab_06_work_01.tlog'
2016-10-16 23:43:13: Создана Папка 'gdrive://www.googleapis.com/POIS_OPEN/Projects/Projects/Lab_Solutions/lab_07_work_01'
2016-10-16 23:43:14: Создана Папка 'gdrive://www.googleapis.com/POIS_OPEN/Projects/Projects/Lab_Solutions/lab_07_work_01/Debug'
2016-10-16 23:43:15: Создана Папка 'gdrive://www.googleapis.com/POIS_OPEN/Projects/Projects/Lab_Solutions/lab_07_work_01/Debug/lab_07_work_01.tlog'
2016-10-16 23:43:15: Создана Папка 'gdrive://www.googleapis.com/POIS_OPEN/Projects/Projects/Lab_Solutions/lab_2_work_04'
2016-10-16 23:43:16: Создана Папка 'gdrive://www.googleapis.com/POIS_OPEN/Projects/Projects/Lab_Solutions/lab_2_work_04/Debug'
2016-10-16 23:43:17: Создана Папка 'gdrive://www.googleapis.com/POIS_OPEN/Projects/Projects/Lab_Solutions/lab_2_work_04/Debug/lab_02_work_04.tlog'
2016-10-16 23:43:17: Создана Папка 'gdrive://www.googleapis.com/POIS_OPEN/Projects/Projects/Lab_Solutions/lab_2_work_04/Debug/lab_2_work_04.tlog'
2016-10-16 23:43:20: Скопирован новый 'E:/Projects/VisualStudio/Lab_Solutions/.vs/Lab_Solutions/v14/.suo' -> 'gdrive://www.googleapis.com/POIS_OPEN/Projects/Projects/Lab_Solutions/.vs/Lab_Solutions/v14/.suo'
2016-10-16 23:43:22: Скопирован новый 'E:/Projects/VisualStudio/Lab_Solutions/Debug/lab2_02_work_02.exe' -> 'gdrive://www.googleapis.com/POIS_OPEN/Projects/Projects/Lab_Solutions/Debug/lab2_02_work_02.exe'
2016-10-16 23:43:32: Скопирован новый 'E:/Projects/VisualStudio/Lab_Solutions/Debug/lab2_02_work_02.ilk' -> 'gdrive://www.googleapis.com/POIS_OPEN/Projects/Projects/Lab_Solutions/Debug/lab2_02_work_02.ilk'
2016-10-16 23:43:48: Скопирован новый 'E:/Projects/VisualStudio/Lab_Solutions/Debug/lab2_02_work_02.pdb' -> 'gdrive://www.googleapis.com/POIS_OPEN/Projects/Projects/Lab_Solutions/Debug/lab2_02_work_02.pdb'
2016-10-16 23:43:50: Скопирован новый 'E:/Projects/VisualStudio/Lab_Solutions/Debug/lab_01.exe' -> 'gdrive://www.googleapis.com/POIS_OPEN/Projects/Projects/Lab_Solutions/Debug/lab_01.exe'
2016-10-16 23:43:56: Скопирован новый 'E:/Projects/VisualStudio/Lab_Solutions/Debug/lab_01.ilk' -> 'gdrive://www.googleapis.com/POIS_OPEN/Projects/Projects/Lab_Solutions/Debug/lab_01.ilk'
2016-10-16 23:44:08: Скопирован новый 'E:/Projects/VisualStudio/Lab_Solutions/Debug/lab_01.pdb' -> 'gdrive://www.googleapis.com/POIS_OPEN/Projects/Projects/Lab_Solutions/Debug/lab_01.pdb'
2016-10-16 23:44:10: Скопирован новый 'E:/Projects/VisualStudio/Lab_Solutions/Debug/lab_02_work_01.exe' -> 'gdrive://www.googleapis.com/POIS_OPEN/Projects/Projects/Lab_Solutions/Debug/lab_02_work_01.exe'
2016-10-16 23:44:16: Скопирован новый 'E:/Projects/VisualStudio/Lab_Solutions/Debug/lab_02_work_01.ilk' -> 'gdrive://www.googleapis.com/POIS_OPEN/Projects/Projects/Lab_Solutions/Debug/lab_02_work_01.ilk'
2016-10-16 23:44:27: Скопирован новый 'E:/Projects/VisualStudio/Lab_Solutions/Debug/lab_02_work_01.pdb' -> 'gdrive://www.googleapis.com/POIS_OPEN/Projects/Projects/Lab_Solutions/Debug/lab_02_work_01.pdb'
2016-10-16 23:44:29: Скопирован новый 'E:/Projects/VisualStudio/Lab_Solutions/Debug/lab_02_work_02.exe' -> 'gdrive://www.googleapis.com/POIS_OPEN/Projects/Projects/Lab_Solutions/Debug/lab_02_work_02.exe'
2016-10-16 23:44:35: Скопирован новый 'E:/Projects/VisualStudio/Lab_Solutions/Debug/lab_02_work_02.ilk' -> 'gdrive://www.googleapis.com/POIS_OPEN/Projects/Projects/Lab_Solutions/Debug/lab_02_work_02.ilk'
2016-10-16 23:44:47: Скопирован новый 'E:/Projects/VisualStudio/Lab_Solutions/Debug/lab_02_work_02.pdb' -> 'gdrive://www.googleapis.com/POIS_OPEN/Projects/Projects/Lab_Solutions/Debug/lab_02_work_02.pdb'
2016-10-16 23:44:50: Скопирован новый 'E:/Projects/VisualStudio/Lab_Solutions/Debug/lab_02_work_03.exe' -> 'gdrive://www.googleapis.com/POIS_OPEN/Projects/Projects/Lab_Solutions/Debug/lab_02_work_03.exe'
2016-10-16 23:44:56: Скопирован новый 'E:/Projects/VisualStudio/Lab_Solutions/Debug/lab_02_work_03.ilk' -> 'gdrive://www.googleapis.com/POIS_OPEN/Projects/Projects/Lab_Solutions/Debug/lab_02_work_03.ilk'
2016-10-16 23:45:09: Скопирован новый 'E:/Projects/VisualStudio/Lab_Solutions/Debug/lab_02_work_03.pdb' -> 'gdrive://www.googleapis.com/POIS_OPEN/Projects/Projects/Lab_Solutions/Debug/lab_02_work_03.pdb'
2016-10-16 23:45:11: Скопирован новый 'E:/Projects/VisualStudio/Lab_Solutions/Debug/lab_02_work_04.exe' -> 'gdrive://www.googleapis.com/POIS_OPEN/Projects/Projects/Lab_Solutions/Debug/lab_02_work_04.exe'
2016-10-16 23:45:18: Скопирован новый 'E:/Projects/VisualStudio/Lab_Solutions/Debug/lab_02_work_04.ilk' -> 'gdrive://www.googleapis.com/POIS_OPEN/Projects/Projects/Lab_Solutions/Debug/lab_02_work_04.ilk'
2016-10-16 23:45:31: Скопирован новый 'E:/Projects/VisualStudio/Lab_Solutions/Debug/lab_02_work_04.pdb' -> 'gdrive://www.googleapis.com/POIS_OPEN/Projects/Projects/Lab_Solutions/Debug/lab_02_work_04.pdb'
2016-10-16 23:45:34: Скопирован новый 'E:/Projects/VisualStudio/Lab_Solutions/Debug/lab_02_work_05.exe' -> 'gdrive://www.googleapis.com/POIS_OPEN/Projects/Projects/Lab_Solutions/Debug/lab_02_work_05.exe'
2016-10-16 23:45:40: Скопирован новый 'E:/Projects/VisualStudio/Lab_Solutions/Debug/lab_02_work_05.ilk' -> 'gdrive://www.googleapis.com/POIS_OPEN/Projects/Projects/Lab_Solutions/Debug/lab_02_work_05.ilk'
2016-10-16 23:45:52: Скопирован новый 'E:/Projects/VisualStudio/Lab_Solutions/Debug/lab_02_work_05.pdb' -> 'gdrive://www.googleapis.com/POIS_OPEN/Projects/Projects/Lab_Solutions/Debug/lab_02_work_05.pdb'
2016-10-16 23:45:54: Скопирован новый 'E:/Projects/VisualStudio/Lab_Solutions/Debug/lab_03_work_01.exe' -> 'gdrive://www.googleapis.com/POIS_OPEN/Projects/Projects/Lab_Solutions/Debug/lab_03_work_01.exe'
2016-10-16 23:46:00: Скопирован новый 'E:/Projects/VisualStudio/Lab_Solutions/Debug/lab_03_work_01.ilk' -> 'gdrive://www.googleapis.com/POIS_OPEN/Projects/Projects/Lab_Solutions/Debug/lab_03_work_01.ilk'
2016-10-16 23:46:13: Скопирован новый 'E:/Projects/VisualStudio/Lab_Solutions/Debug/lab_03_work_01.pdb' -> 'gdrive://www.googleapis.com/POIS_OPEN/Projects/Projects/Lab_Solutions/Debug/lab_03_work_01.pdb'
2016-10-16 23:46:15: Скопирован новый 'E:/Projects/VisualStudio/Lab_Solutions/Debug/lab_04_work_01.exe' -> 'gdrive://www.googleapis.com/POIS_OPEN/Projects/Projects/Lab_Solutions/Debug/lab_04_work_01.exe'
2016-10-16 23:46:26: Скопирован новый 'E:/Projects/VisualStudio/Lab_Solutions/Debug/lab_04_work_01.ilk' -> 'gdrive://www.googleapis.com/POIS_OPEN/Projects/Projects/Lab_Solutions/Debug/lab_04_work_01.ilk'
2016-10-16 23:46:39: Скопирован новый 'E:/Projects/VisualStudio/Lab_Solutions/Debug/lab_04_work_01.pdb' -> 'gdrive://www.googleapis.com/POIS_OPEN/Projects/Projects/Lab_Solutions/Debug/lab_04_work_01.pdb'
2016-10-16 23:46:41: Скопирован новый 'E:/Projects/VisualStudio/Lab_Solutions/Debug/lab_04_work_2.exe' -> 'gdrive://www.googleapis.com/POIS_OPEN/Projects/Projects/Lab_Solutions/Debug/lab_04_work_2.exe'
2016-10-16 23:46:49: Скопирован новый 'E:/Projects/VisualStudio/Lab_Solutions/Debug/lab_04_work_2.ilk' -> 'gdrive://www.googleapis.com/POIS_OPEN/Projects/Projects/Lab_Solutions/Debug/lab_04_work_2.ilk'
2016-10-16 23:47:02: Скопирован новый 'E:/Projects/VisualStudio/Lab_Solutions/Debug/lab_04_work_2.pdb' -> 'gdrive://www.googleapis.com/POIS_OPEN/Projects/Projects/Lab_Solutions/Debug/lab_04_work_2.pdb'
2016-10-16 23:47:04: Скопирован новый 'E:/Projects/VisualStudio/Lab_Solutions/Debug/lab_05_work_01.exe' -> 'gdrive://www.googleapis.com/POIS_OPEN/Projects/Projects/Lab_Solutions/Debug/lab_05_work_01.exe'
2016-10-16 23:47:15: Скопирован новый 'E:/Projects/VisualStudio/Lab_Solutions/Debug/lab_05_work_01.ilk' -> 'gdrive://www.googleapis.com/POIS_OPEN/Projects/Projects/Lab_Solutions/Debug/lab_05_work_01.ilk'
2016-10-16 23:47:29: Скопирован новый 'E:/Projects/VisualStudio/Lab_Solutions/Debug/lab_05_work_01.pdb' -> 'gdrive://www.googleapis.com/POIS_OPEN/Projects/Projects/Lab_Solutions/Debug/lab_05_work_01.pdb'
2016-10-16 23:47:31: Скопирован новый 'E:/Projects/VisualStudio/Lab_Solutions/Debug/lab_05_work_02.exe' -> 'gdrive://www.googleapis.com/POIS_OPEN/Projects/Projects/Lab_Solutions/Debug/lab_05_work_02.exe'
2016-10-16 23:47:39: Скопирован новый 'E:/Projects/VisualStudio/Lab_Solutions/Debug/lab_05_work_02.ilk' -> 'gdrive://www.googleapis.com/POIS_OPEN/Projects/Projects/Lab_Solutions/Debug/lab_05_work_02.ilk'
2016-10-16 23:47:52: Скопирован новый 'E:/Projects/VisualStudio/Lab_Solutions/Debug/lab_05_work_02.pdb' -> 'gdrive://www.googleapis.com/POIS_OPEN/Projects/Projects/Lab_Solutions/Debug/lab_05_work_02.pdb'
2016-10-16 23:47:54: Скопирован новый 'E:/Projects/VisualStudio/Lab_Solutions/Debug/lab_06_work_01.exe' -> 'gdrive://www.googleapis.com/POIS_OPEN/Projects/Projects/Lab_Solutions/Debug/lab_06_work_01.exe'
2016-10-16 23:48:01: Скопирован новый 'E:/Projects/VisualStudio/Lab_Solutions/Debug/lab_06_work_01.ilk' -> 'gdrive://www.googleapis.com/POIS_OPEN/Projects/Projects/Lab_Solutions/Debug/lab_06_work_01.ilk'
2016-10-16 23:48:16: Скопирован новый 'E:/Projects/VisualStudio/Lab_Solutions/Debug/lab_06_work_01.pdb' -> 'gdrive://www.googleapis.com/POIS_OPEN/Projects/Projects/Lab_Solutions/Debug/lab_06_work_01.pdb'
2016-10-16 23:48:18: Скопирован новый 'E:/Projects/VisualStudio/Lab_Solutions/Debug/lab_07_work_01.exe' -> 'gdrive://www.googleapis.com/POIS_OPEN/Projects/Projects/Lab_Solutions/Debug/lab_07_work_01.exe'
2016-10-16 23:48:28: Скопирован новый 'E:/Projects/VisualStudio/Lab_Solutions/Debug/lab_07_work_01.ilk' -> 'gdrive://www.googleapis.com/POIS_OPEN/Projects/Projects/Lab_Solutions/Debug/lab_07_work_01.ilk'
2016-10-16 23:48:43: Скопирован новый 'E:/Projects/VisualStudio/Lab_Solutions/Debug/lab_07_work_01.pdb' -> 'gdrive://www.googleapis.com/POIS_OPEN/Projects/Projects/Lab_Solutions/Debug/lab_07_work_01.pdb'
2016-10-16 23:48:45: Скопирован новый 'E:/Projects/VisualStudio/Lab_Solutions/Debug/lab_2_work_04.exe' -> 'gdrive://www.googleapis.com/POIS_OPEN/Projects/Projects/Lab_Solutions/Debug/lab_2_work_04.exe'
2016-10-16 23:48:51: Скопирован новый 'E:/Projects/VisualStudio/Lab_Solutions/Debug/lab_2_work_04.ilk' -> 'gdrive://www.googleapis.com/POIS_OPEN/Projects/Projects/Lab_Solutions/Debug/lab_2_work_04.ilk'
2016-10-16 23:49:04: Скопирован новый 'E:/Projects/VisualStudio/Lab_Solutions/Debug/lab_2_work_04.pdb' -> 'gdrive://www.googleapis.com/POIS_OPEN/Projects/Projects/Lab_Solutions/Debug/lab_2_work_04.pdb'
2016-10-16 23:49:06: Скопирован новый 'E:/Projects/VisualStudio/Lab_Solutions/lab2/Debug/lab2.log' -> 'gdrive://www.googleapis.com/POIS_OPEN/Projects/Projects/Lab_Solutions/lab2/Debug/lab2.log'
2016-10-16 23:49:08: Скопирован новый 'E:/Projects/VisualStudio/Lab_Solutions/lab2/Debug/lab2_02_work_02.tlog/CL.command.1.tlog' -> 'gdrive://www.googleapis.com/POIS_OPEN/Projects/Projects/Lab_Solutions/lab2/Debug/lab2_02_work_02.tlog/CL.command.1.tlog'
2016-10-16 23:49:10: Скопирован новый 'E:/Projects/VisualStudio/Lab_Solutions/lab2/Debug/lab2_02_work_02.tlog/CL.read.1.tlog' -> 'gdrive://www.googleapis.com/POIS_OPEN/Projects/Projects/Lab_Solutions/lab2/Debug/lab2_02_work_02.tlog/CL.read.1.tlog'
2016-10-16 23:49:11: Скопирован новый 'E:/Projects/VisualStudio/Lab_Solutions/lab2/Debug/lab2_02_work_02.tlog/CL.write.1.tlog' -> 'gdrive://www.googleapis.com/POIS_OPEN/Projects/Projects/Lab_Solutions/lab2/Debug/lab2_02_work_02.tlog/CL.write.1.tlog'
2016-10-16 23:49:13: Скопирован новый 'E:/Projects/VisualStudio/Lab_Solutions/lab2/Debug/lab2_02_work_02.tlog/lab2_02_work_02.lastbuildstate' -> 'gdrive://www.googleapis.com/POIS_OPEN/Projects/Projects/Lab_Solutions/lab2/Debug/lab2_02_work_02.tlog/lab2_02_work_02.lastbuildstate'
2016-10-16 23:49:14: Скопирован новый 'E:/Projects/VisualStudio/Lab_Solutions/lab2/Debug/lab2_02_work_02.tlog/link.command.1.tlog' -> 'gdrive://www.googleapis.com/POIS_OPEN/Projects/Projects/Lab_Solutions/lab2/Debug/lab2_02_work_02.tlog/link.command.1.tlog'
2016-10-16 23:49:16: Скопирован новый 'E:/Projects/VisualStudio/Lab_Solutions/lab2/Debug/lab2_02_work_02.tlog/link.read.1.tlog' -> 'gdrive://www.googleapis.com/POIS_OPEN/Projects/Projects/Lab_Solutions/lab2/Debug/lab2_02_work_02.tlog/link.read.1.tlog'
2016-10-16 23:49:18: Скопирован новый 'E:/Projects/VisualStudio/Lab_Solutions/lab2/Debug/lab2_02_work_02.tlog/link.write.1.tlog' -> 'gdrive://www.googleapis.com/POIS_OPEN/Projects/Projects/Lab_Solutions/lab2/Debug/lab2_02_work_02.tlog/link.write.1.tlog'
2016-10-16 23:49:20: Скопирован новый 'E:/Projects/VisualStudio/Lab_Solutions/lab2/Debug/lab_02_02.obj' -> 'gdrive://www.googleapis.com/POIS_OPEN/Projects/Projects/Lab_Solutions/lab2/Debug/lab_02_02.obj'
2016-10-16 23:49:21: Скопирован новый 'E:/Projects/VisualStudio/Lab_Solutions/lab2/Debug/lab_02_work_02.Build.CppClean.log' -> 'gdrive://www.googleapis.com/POIS_OPEN/Projects/Projects/Lab_Solutions/lab2/Debug/lab_02_work_02.Build.CppClean.log'
2016-10-16 23:49:23: Скопирован новый 'E:/Projects/VisualStudio/Lab_Solutions/lab2/Debug/lab_02_work_02.tlog/CL.command.1.tlog' -> 'gdrive://www.googleapis.com/POIS_OPEN/Projects/Projects/Lab_Solutions/lab2/Debug/lab_02_work_02.tlog/CL.command.1.tlog'
2016-10-16 23:49:25: Скопирован новый 'E:/Projects/VisualStudio/Lab_Solutions/lab2/Debug/lab_02_work_02.tlog/CL.read.1.tlog' -> 'gdrive://www.googleapis.com/POIS_OPEN/Projects/Projects/Lab_Solutions/lab2/Debug/lab_02_work_02.tlog/CL.read.1.tlog'
2016-10-16 23:49:27: Скопирован новый 'E:/Projects/VisualStudio/Lab_Solutions/lab2/Debug/lab_02_work_02.tlog/CL.write.1.tlog' -> 'gdrive://www.googleapis.com/POIS_OPEN/Projects/Projects/Lab_Solutions/lab2/Debug/lab_02_work_02.tlog/CL.write.1.tlog'
2016-10-16 23:49:28: Скопирован новый 'E:/Projects/VisualStudio/Lab_Solutions/lab2/Debug/lab_02_work_02.tlog/lab_02_work_02.lastbuildstate' -> 'gdrive://www.googleapis.com/POIS_OPEN/Projects/Projects/Lab_Solutions/lab2/Debug/lab_02_work_02.tlog/lab_02_work_02.lastbuildstate'
2016-10-16 23:49:30: Скопирован новый 'E:/Projects/VisualStudio/Lab_Solutions/lab2/Debug/lab_02_work_02.tlog/link.command.1.tlog' -> 'gdrive://www.googleapis.com/POIS_OPEN/Projects/Projects/Lab_Solutions/lab2/Debug/lab_02_work_02.tlog/link.command.1.tlog'
2016-10-16 23:49:32: Скопирован новый 'E:/Projects/VisualStudio/Lab_Solutions/lab2/Debug/lab_02_work_02.tlog/link.read.1.tlog' -> 'gdrive://www.googleapis.com/POIS_OPEN/Projects/Projects/Lab_Solutions/lab2/Debug/lab_02_work_02.tlog/link.read.1.tlog'
2016-10-16 23:49:34: Скопирован новый 'E:/Projects/VisualStudio/Lab_Solutions/lab2/Debug/lab_02_work_02.tlog/link.write.1.tlog' -> 'gdrive://www.googleapis.com/POIS_OPEN/Projects/Projects/Lab_Solutions/lab2/Debug/lab_02_work_02.tlog/link.write.1.tlog'
2016-10-16 23:49:36: Скопирован новый 'E:/Projects/VisualStudio/Lab_Solutions/lab2/Debug/main.obj' -> 'gdrive://www.googleapis.com/POIS_OPEN/Projects/Projects/Lab_Solutions/lab2/Debug/main.obj'
2016-10-16 23:49:38: Скопирован новый 'E:/Projects/VisualStudio/Lab_Solutions/lab2/Debug/vc140.idb' -> 'gdrive://www.googleapis.com/POIS_OPEN/Projects/Projects/Lab_Solutions/lab2/Debug/vc140.idb'
2016-10-16 23:49:41: Скопирован новый 'E:/Projects/VisualStudio/Lab_Solutions/lab2/Debug/vc140.pdb' -> 'gdrive://www.googleapis.com/POIS_OPEN/Projects/Projects/Lab_Solutions/lab2/Debug/vc140.pdb'
2016-10-16 23:49:43: Скопирован новый 'E:/Projects/VisualStudio/Lab_Solutions/lab2/lab2.vcxproj' -> 'gdrive://www.googleapis.com/POIS_OPEN/Projects/Projects/Lab_Solutions/lab2/lab2.vcxproj'
2016-10-16 23:49:45: Скопирован новый 'E:/Projects/VisualStudio/Lab_Solutions/lab2/lab2.vcxproj.filters' -> 'gdrive://www.googleapis.com/POIS_OPEN/Projects/Projects/Lab_Solutions/lab2/lab2.vcxproj.filters'
2016-10-16 23:49:47: Скопирован новый 'E:/Projects/VisualStudio/Lab_Solutions/lab2/lab2.vcxproj.user' -> 'gdrive://www.googleapis.com/POIS_OPEN/Projects/Projects/Lab_Solutions/lab2/lab2.vcxproj.user'
2016-10-16 23:49:49: Скопирован новый 'E:/Projects/VisualStudio/Lab_Solutions/lab2/lab_02_02.cpp' -> 'gdrive://www.googleapis.com/POIS_OPEN/Projects/Projects/Lab_Solutions/lab2/lab_02_02.cpp'
2016-10-16 23:49:50: Скопирован новый 'E:/Projects/VisualStudio/Lab_Solutions/lab2/main.cpp' -> 'gdrive://www.googleapis.com/POIS_OPEN/Projects/Projects/Lab_Solutions/lab2/main.cpp'
2016-10-16 23:49:52: Скопирован новый 'E:/Projects/VisualStudio/Lab_Solutions/lab_01/Debug/lab_01.log' -> 'gdrive://www.googleapis.com/POIS_OPEN/Projects/Projects/Lab_Solutions/lab_01/Debug/lab_01.log'
2016-10-16 23:49:54: Скопирован новый 'E:/Projects/VisualStudio/Lab_Solutions/lab_01/Debug/lab_01.tlog/CL.command.1.tlog' -> 'gdrive://www.googleapis.com/POIS_OPEN/Projects/Projects/Lab_Solutions/lab_01/Debug/lab_01.tlog/CL.command.1.tlog'
2016-10-16 23:49:56: Скопирован новый 'E:/Projects/VisualStudio/Lab_Solutions/lab_01/Debug/lab_01.tlog/CL.read.1.tlog' -> 'gdrive://www.googleapis.com/POIS_OPEN/Projects/Projects/Lab_Solutions/lab_01/Debug/lab_01.tlog/CL.read.1.tlog'
2016-10-16 23:49:58: Скопирован новый 'E:/Projects/VisualStudio/Lab_Solutions/lab_01/Debug/lab_01.tlog/CL.write.1.tlog' -> 'gdrive://www.googleapis.com/POIS_OPEN/Projects/Projects/Lab_Solutions/lab_01/Debug/lab_01.tlog/CL.write.1.tlog'
2016-10-16 23:50:00: Скопирован новый 'E:/Projects/VisualStudio/Lab_Solutions/lab_01/Debug/lab_01.tlog/lab_01.lastbuildstate' -> 'gdrive://www.googleapis.com/POIS_OPEN/Projects/Projects/Lab_Solutions/lab_01/Debug/lab_01.tlog/lab_01.lastbuildstate'
2016-10-16 23:50:01: Скопирован новый 'E:/Projects/VisualStudio/Lab_Solutions/lab_01/Debug/lab_01.tlog/link.command.1.tlog' -> 'gdrive://www.googleapis.com/POIS_OPEN/Projects/Projects/Lab_Solutions/lab_01/Debug/lab_01.tlog/link.command.1.tlog'
2016-10-16 23:50:03: Скопирован новый 'E:/Projects/VisualStudio/Lab_Solutions/lab_01/Debug/lab_01.tlog/link.read.1.tlog' -> 'gdrive://www.googleapis.com/POIS_OPEN/Projects/Projects/Lab_Solutions/lab_01/Debug/lab_01.tlog/link.read.1.tlog'
2016-10-16 23:50:05: Скопирован новый 'E:/Projects/VisualStudio/Lab_Solutions/lab_01/Debug/lab_01.tlog/link.write.1.tlog' -> 'gdrive://www.googleapis.com/POIS_OPEN/Projects/Projects/Lab_Solutions/lab_01/Debug/lab_01.tlog/link.write.1.tlog'
2016-10-16 23:50:06: Скопирован новый 'E:/Projects/VisualStudio/Lab_Solutions/lab_01/Debug/lab_02_01.obj' -> 'gdrive://www.googleapis.com/POIS_OPEN/Projects/Projects/Lab_Solutions/lab_01/Debug/lab_02_01.obj'
2016-10-16 23:50:09: Скопирован новый 'E:/Projects/VisualStudio/Lab_Solutions/lab_01/Debug/lab_02_work_01.Build.CppClean.log' -> 'gdrive://www.googleapis.com/POIS_OPEN/Projects/Projects/Lab_Solutions/lab_01/Debug/lab_02_work_01.Build.CppClean.log'
2016-10-16 23:50:10: Скопирован новый 'E:/Projects/VisualStudio/Lab_Solutions/lab_01/Debug/lab_02_work_01.tlog/CL.command.1.tlog' -> 'gdrive://www.googleapis.com/POIS_OPEN/Projects/Projects/Lab_Solutions/lab_01/Debug/lab_02_work_01.tlog/CL.command.1.tlog'
2016-10-16 23:50:12: Скопирован новый 'E:/Projects/VisualStudio/Lab_Solutions/lab_01/Debug/lab_02_work_01.tlog/CL.read.1.tlog' -> 'gdrive://www.googleapis.com/POIS_OPEN/Projects/Projects/Lab_Solutions/lab_01/Debug/lab_02_work_01.tlog/CL.read.1.tlog'
2016-10-16 23:50:14: Скопирован новый 'E:/Projects/VisualStudio/Lab_Solutions/lab_01/Debug/lab_02_work_01.tlog/CL.write.1.tlog' -> 'gdrive://www.googleapis.com/POIS_OPEN/Projects/Projects/Lab_Solutions/lab_01/Debug/lab_02_work_01.tlog/CL.write.1.tlog'
2016-10-16 23:50:16: Скопирован новый 'E:/Projects/VisualStudio/Lab_Solutions/lab_01/Debug/lab_02_work_01.tlog/lab_02_work_01.lastbuildstate' -> 'gdrive://www.googleapis.com/POIS_OPEN/Projects/Projects/Lab_Solutions/lab_01/Debug/lab_02_work_01.tlog/lab_02_work_01.lastbuildstate'
2016-10-16 23:50:18: Скопирован новый 'E:/Projects/VisualStudio/Lab_Solutions/lab_01/Debug/lab_02_work_01.tlog/link.command.1.tlog' -> 'gdrive://www.googleapis.com/POIS_OPEN/Projects/Projects/Lab_Solutions/lab_01/Debug/lab_02_work_01.tlog/link.command.1.tlog'
2016-10-16 23:50:20: Скопирован новый 'E:/Projects/VisualStudio/Lab_Solutions/lab_01/Debug/lab_02_work_01.tlog/link.read.1.tlog' -> 'gdrive://www.googleapis.com/POIS_OPEN/Projects/Projects/Lab_Solutions/lab_01/Debug/lab_02_work_01.tlog/link.read.1.tlog'
2016-10-16 23:50:21: Скопирован новый 'E:/Projects/VisualStudio/Lab_Solutions/lab_01/Debug/lab_02_work_01.tlog/link.write.1.tlog' -> 'gdrive://www.googleapis.com/POIS_OPEN/Projects/Projects/Lab_Solutions/lab_01/Debug/lab_02_work_01.tlog/link.write.1.tlog'
2016-10-16 23:50:23: Скопирован новый 'E:/Projects/VisualStudio/Lab_Solutions/lab_01/Debug/main.obj' -> 'gdrive://www.googleapis.com/POIS_OPEN/Projects/Projects/Lab_Solutions/lab_01/Debug/main.obj'
2016-10-16 23:50:25: Скопирован новый 'E:/Projects/VisualStudio/Lab_Solutions/lab_01/Debug/vc140.idb' -> 'gdrive://www.googleapis.com/POIS_OPEN/Projects/Projects/Lab_Solutions/lab_01/Debug/vc140.idb'
2016-10-16 23:50:28: Скопирован новый 'E:/Projects/VisualStudio/Lab_Solutions/lab_01/Debug/vc140.pdb' -> 'gdrive://www.googleapis.com/POIS_OPEN/Projects/Projects/Lab_Solutions/lab_01/Debug/vc140.pdb'
2016-10-16 23:50:30: Скопирован новый 'E:/Projects/VisualStudio/Lab_Solutions/lab_01/lab_01.vcxproj' -> 'gdrive://www.googleapis.com/POIS_OPEN/Projects/Projects/Lab_Solutions/lab_01/lab_01.vcxproj'
2016-10-16 23:50:31: Скопирован новый 'E:/Projects/VisualStudio/Lab_Solutions/lab_01/lab_01.vcxproj.filters' -> 'gdrive://www.googleapis.com/POIS_OPEN/Projects/Projects/Lab_Solutions/lab_01/lab_01.vcxproj.filters'
2016-10-16 23:50:33: Скопирован новый 'E:/Projects/VisualStudio/Lab_Solutions/lab_01/lab_01.vcxproj.user' -> 'gdrive://www.googleapis.com/POIS_OPEN/Projects/Projects/Lab_Solutions/lab_01/lab_01.vcxproj.user'
2016-10-16 23:50:35: Скопирован новый 'E:/Projects/VisualStudio/Lab_Solutions/lab_01/lab_02_01.cpp' -> 'gdrive://www.googleapis.com/POIS_OPEN/Projects/Projects/Lab_Solutions/lab_01/lab_02_01.cpp'
2016-10-16 23:50:37: Скопирован новый 'E:/Projects/VisualStudio/Lab_Solutions/lab_01/main.cpp' -> 'gdrive://www.googleapis.com/POIS_OPEN/Projects/Projects/Lab_Solutions/lab_01/main.cpp'
2016-10-16 23:50:39: Скопирован новый 'E:/Projects/VisualStudio/Lab_Solutions/lab_02_work_03/Debug/lab_02_03.obj' -> 'gdrive://www.googleapis.com/POIS_OPEN/Projects/Projects/Lab_Solutions/lab_02_work_03/Debug/lab_02_03.obj'
2016-10-16 23:50:41: Скопирован новый 'E:/Projects/VisualStudio/Lab_Solutions/lab_02_work_03/Debug/lab_02_work_03.Build.CppClean.log' -> 'gdrive://www.googleapis.com/POIS_OPEN/Projects/Projects/Lab_Solutions/lab_02_work_03/Debug/lab_02_work_03.Build.CppClean.log'
2016-10-16 23:50:42: Скопирован новый 'E:/Projects/VisualStudio/Lab_Solutions/lab_02_work_03/Debug/lab_02_work_03.log' -> 'gdrive://www.googleapis.com/POIS_OPEN/Projects/Projects/Lab_Solutions/lab_02_work_03/Debug/lab_02_work_03.log'
2016-10-16 23:50:44: Скопирован новый 'E:/Projects/VisualStudio/Lab_Solutions/lab_02_work_03/Debug/lab_02_work_03.tlog/CL.command.1.tlog' -> 'gdrive://www.googleapis.com/POIS_OPEN/Projects/Projects/Lab_Solutions/lab_02_work_03/Debug/lab_02_work_03.tlog/CL.command.1.tlog'
2016-10-16 23:50:46: Скопирован новый 'E:/Projects/VisualStudio/Lab_Solutions/lab_02_work_03/Debug/lab_02_work_03.tlog/CL.read.1.tlog' -> 'gdrive://www.googleapis.com/POIS_OPEN/Projects/Projects/Lab_Solutions/lab_02_work_03/Debug/lab_02_work_03.tlog/CL.read.1.tlog'
2016-10-16 23:50:48: Скопирован новый 'E:/Projects/VisualStudio/Lab_Solutions/lab_02_work_03/Debug/lab_02_work_03.tlog/CL.write.1.tlog' -> 'gdrive://www.googleapis.com/POIS_OPEN/Projects/Projects/Lab_Solutions/lab_02_work_03/Debug/lab_02_work_03.tlog/CL.write.1.tlog'
2016-10-16 23:50:50: Скопирован новый 'E:/Projects/VisualStudio/Lab_Solutions/lab_02_work_03/Debug/lab_02_work_03.tlog/lab_02_work_03.lastbuildstate' -> 'gdrive://www.googleapis.com/POIS_OPEN/Projects/Projects/Lab_Solutions/lab_02_work_03/Debug/lab_02_work_03.tlog/lab_02_work_03.lastbuildstate'
2016-10-16 23:50:51: Скопирован новый 'E:/Projects/VisualStudio/Lab_Solutions/lab_02_work_03/Debug/lab_02_work_03.tlog/link.command.1.tlog' -> 'gdrive://www.googleapis.com/POIS_OPEN/Projects/Projects/Lab_Solutions/lab_02_work_03/Debug/lab_02_work_03.tlog/link.command.1.tlog'
2016-10-16 23:50:53: Скопирован новый 'E:/Projects/VisualStudio/Lab_Solutions/lab_02_work_03/Debug/lab_02_work_03.tlog/link.read.1.tlog' -> 'gdrive://www.googleapis.com/POIS_OPEN/Projects/Projects/Lab_Solutions/lab_02_work_03/Debug/lab_02_work_03.tlog/link.read.1.tlog'
2016-10-16 23:50:55: Скопирован новый 'E:/Projects/VisualStudio/Lab_Solutions/lab_02_work_03/Debug/lab_02_work_03.tlog/link.write.1.tlog' -> 'gdrive://www.googleapis.com/POIS_OPEN/Projects/Projects/Lab_Solutions/lab_02_work_03/Debug/lab_02_work_03.tlog/link.write.1.tlog'
2016-10-16 23:50:56: Скопирован новый 'E:/Projects/VisualStudio/Lab_Solutions/lab_02_work_03/Debug/main.obj' -> 'gdrive://www.googleapis.com/POIS_OPEN/Projects/Projects/Lab_Solutions/lab_02_work_03/Debug/main.obj'
2016-10-16 23:50:59: Скопирован новый 'E:/Projects/VisualStudio/Lab_Solutions/lab_02_work_03/Debug/vc140.idb' -> 'gdrive://www.googleapis.com/POIS_OPEN/Projects/Projects/Lab_Solutions/lab_02_work_03/Debug/vc140.idb'
2016-10-16 23:51:02: Скопирован новый 'E:/Projects/VisualStudio/Lab_Solutions/lab_02_work_03/Debug/vc140.pdb' -> 'gdrive://www.googleapis.com/POIS_OPEN/Projects/Projects/Lab_Solutions/lab_02_work_03/Debug/vc140.pdb'
2016-10-16 23:51:04: Скопирован новый 'E:/Projects/VisualStudio/Lab_Solutions/lab_02_work_03/lab_02_03.cpp' -> 'gdrive://www.googleapis.com/POIS_OPEN/Projects/Projects/Lab_Solutions/lab_02_work_03/lab_02_03.cpp'
2016-10-16 23:51:06: Скопирован новый 'E:/Projects/VisualStudio/Lab_Solutions/lab_02_work_03/lab_02_work_03.vcxproj' -> 'gdrive://www.googleapis.com/POIS_OPEN/Projects/Projects/Lab_Solutions/lab_02_work_03/lab_02_work_03.vcxproj'
2016-10-16 23:51:07: Скопирован новый 'E:/Projects/VisualStudio/Lab_Solutions/lab_02_work_03/lab_02_work_03.vcxproj.filters' -> 'gdrive://www.googleapis.com/POIS_OPEN/Projects/Projects/Lab_Solutions/lab_02_work_03/lab_02_work_03.vcxproj.filters'
2016-10-16 23:51:10: Скопирован новый 'E:/Projects/VisualStudio/Lab_Solutions/lab_02_work_03/lab_02_work_03.vcxproj.user' -> 'gdrive://www.googleapis.com/POIS_OPEN/Projects/Projects/Lab_Solutions/lab_02_work_03/lab_02_work_03.vcxproj.user'
2016-10-16 23:51:11: Скопирован новый 'E:/Projects/VisualStudio/Lab_Solutions/lab_02_work_03/main.cpp' -> 'gdrive://www.googleapis.com/POIS_OPEN/Projects/Projects/Lab_Solutions/lab_02_work_03/main.cpp'
2016-10-16 23:51:13: Скопирован новый 'E:/Projects/VisualStudio/Lab_Solutions/lab_02_work_05/Debug/lab_02_05.obj' -> 'gdrive://www.googleapis.com/POIS_OPEN/Projects/Projects/Lab_Solutions/lab_02_work_05/Debug/lab_02_05.obj'
2016-10-16 23:51:15: Скопирован новый 'E:/Projects/VisualStudio/Lab_Solutions/lab_02_work_05/Debug/lab_02_work_05.Build.CppClean.log' -> 'gdrive://www.googleapis.com/POIS_OPEN/Projects/Projects/Lab_Solutions/lab_02_work_05/Debug/lab_02_work_05.Build.CppClean.log'
2016-10-16 23:51:16: Скопирован новый 'E:/Projects/VisualStudio/Lab_Solutions/lab_02_work_05/Debug/lab_02_work_05.log' -> 'gdrive://www.googleapis.com/POIS_OPEN/Projects/Projects/Lab_Solutions/lab_02_work_05/Debug/lab_02_work_05.log'
2016-10-16 23:51:18: Скопирован новый 'E:/Projects/VisualStudio/Lab_Solutions/lab_02_work_05/Debug/lab_02_work_05.tlog/CL.command.1.tlog' -> 'gdrive://www.googleapis.com/POIS_OPEN/Projects/Projects/Lab_Solutions/lab_02_work_05/Debug/lab_02_work_05.tlog/CL.command.1.tlog'
2016-10-16 23:51:20: Скопирован новый 'E:/Projects/VisualStudio/Lab_Solutions/lab_02_work_05/Debug/lab_02_work_05.tlog/CL.read.1.tlog' -> 'gdrive://www.googleapis.com/POIS_OPEN/Projects/Projects/Lab_Solutions/lab_02_work_05/Debug/lab_02_work_05.tlog/CL.read.1.tlog'
2016-10-16 23:51:21: Скопирован новый 'E:/Projects/VisualStudio/Lab_Solutions/lab_02_work_05/Debug/lab_02_work_05.tlog/CL.write.1.tlog' -> 'gdrive://www.googleapis.com/POIS_OPEN/Projects/Projects/Lab_Solutions/lab_02_work_05/Debug/lab_02_work_05.tlog/CL.write.1.tlog'
2016-10-16 23:51:23: Скопирован новый 'E:/Projects/VisualStudio/Lab_Solutions/lab_02_work_05/Debug/lab_02_work_05.tlog/lab_02_work_05.lastbuildstate' -> 'gdrive://www.googleapis.com/POIS_OPEN/Projects/Projects/Lab_Solutions/lab_02_work_05/Debug/lab_02_work_05.tlog/lab_02_work_05.lastbuildstate'
2016-10-16 23:51:25: Скопирован новый 'E:/Projects/VisualStudio/Lab_Solutions/lab_02_work_05/Debug/lab_02_work_05.tlog/link.command.1.tlog' -> 'gdrive://www.googleapis.com/POIS_OPEN/Projects/Projects/Lab_Solutions/lab_02_work_05/Debug/lab_02_work_05.tlog/link.command.1.tlog'
2016-10-16 23:51:27: Скопирован новый 'E:/Projects/VisualStudio/Lab_Solutions/lab_02_work_05/Debug/lab_02_work_05.tlog/link.read.1.tlog' -> 'gdrive://www.googleapis.com/POIS_OPEN/Projects/Projects/Lab_Solutions/lab_02_work_05/Debug/lab_02_work_05.tlog/link.read.1.tlog'
2016-10-16 23:51:29: Скопирован новый 'E:/Projects/VisualStudio/Lab_Solutions/lab_02_work_05/Debug/lab_02_work_05.tlog/link.write.1.tlog' -> 'gdrive://www.googleapis.com/POIS_OPEN/Projects/Projects/Lab_Solutions/lab_02_work_05/Debug/lab_02_work_05.tlog/link.write.1.tlog'
2016-10-16 23:51:31: Скопирован новый 'E:/Projects/VisualStudio/Lab_Solutions/lab_02_work_05/Debug/main.obj' -> 'gdrive://www.googleapis.com/POIS_OPEN/Projects/Projects/Lab_Solutions/lab_02_work_05/Debug/main.obj'
2016-10-16 23:51:33: Скопирован новый 'E:/Projects/VisualStudio/Lab_Solutions/lab_02_work_05/Debug/vc140.idb' -> 'gdrive://www.googleapis.com/POIS_OPEN/Projects/Projects/Lab_Solutions/lab_02_work_05/Debug/vc140.idb'
2016-10-16 23:51:36: Скопирован новый 'E:/Projects/VisualStudio/Lab_Solutions/lab_02_work_05/Debug/vc140.pdb' -> 'gdrive://www.googleapis.com/POIS_OPEN/Projects/Projects/Lab_Solutions/lab_02_work_05/Debug/vc140.pdb'
2016-10-16 23:51:38: Скопирован новый 'E:/Projects/VisualStudio/Lab_Solutions/lab_02_work_05/lab_02_05.cpp' -> 'gdrive://www.googleapis.com/POIS_OPEN/Projects/Projects/Lab_Solutions/lab_02_work_05/lab_02_05.cpp'
2016-10-16 23:51:40: Скопирован новый 'E:/Projects/VisualStudio/Lab_Solutions/lab_02_work_05/lab_02_work_05.vcxproj' -> 'gdrive://www.googleapis.com/POIS_OPEN/Projects/Projects/Lab_Solutions/lab_02_work_05/lab_02_work_05.vcxproj'
2016-10-16 23:51:41: Скопирован новый 'E:/Projects/VisualStudio/Lab_Solutions/lab_02_work_05/lab_02_work_05.vcxproj.filters' -> 'gdrive://www.googleapis.com/POIS_OPEN/Projects/Projects/Lab_Solutions/lab_02_work_05/lab_02_work_05.vcxproj.filters'
2016-10-16 23:51:43: Скопирован новый 'E:/Projects/VisualStudio/Lab_Solutions/lab_02_work_05/lab_02_work_05.vcxproj.user' -> 'gdrive://www.googleapis.com/POIS_OPEN/Projects/Projects/Lab_Solutions/lab_02_work_05/lab_02_work_05.vcxproj.user'
2016-10-16 23:51:45: Скопирован новый 'E:/Projects/VisualStudio/Lab_Solutions/lab_02_work_05/main.cpp' -> 'gdrive://www.googleapis.com/POIS_OPEN/Projects/Projects/Lab_Solutions/lab_02_work_05/main.cpp'
2016-10-16 23:51:47: Скопирован новый 'E:/Projects/VisualStudio/Lab_Solutions/lab_03_work_01/Debug/lab_03_01.obj' -> 'gdrive://www.googleapis.com/POIS_OPEN/Projects/Projects/Lab_Solutions/lab_03_work_01/Debug/lab_03_01.obj'
2016-10-16 23:51:48: Скопирован новый 'E:/Projects/VisualStudio/Lab_Solutions/lab_03_work_01/Debug/lab_03_work_01.log' -> 'gdrive://www.googleapis.com/POIS_OPEN/Projects/Projects/Lab_Solutions/lab_03_work_01/Debug/lab_03_work_01.log'
2016-10-16 23:51:50: Скопирован новый 'E:/Projects/VisualStudio/Lab_Solutions/lab_03_work_01/Debug/lab_03_work_01.tlog/CL.command.1.tlog' -> 'gdrive://www.googleapis.com/POIS_OPEN/Projects/Projects/Lab_Solutions/lab_03_work_01/Debug/lab_03_work_01.tlog/CL.command.1.tlog'
2016-10-16 23:51:52: Скопирован новый 'E:/Projects/VisualStudio/Lab_Solutions/lab_03_work_01/Debug/lab_03_work_01.tlog/CL.read.1.tlog' -> 'gdrive://www.googleapis.com/POIS_OPEN/Projects/Projects/Lab_Solutions/lab_03_work_01/Debug/lab_03_work_01.tlog/CL.read.1.tlog'
2016-10-16 23:51:54: Скопирован новый 'E:/Projects/VisualStudio/Lab_Solutions/lab_03_work_01/Debug/lab_03_work_01.tlog/CL.write.1.tlog' -> 'gdrive://www.googleapis.com/POIS_OPEN/Projects/Projects/Lab_Solutions/lab_03_work_01/Debug/lab_03_work_01.tlog/CL.write.1.tlog'
2016-10-16 23:51:55: Скопирован новый 'E:/Projects/VisualStudio/Lab_Solutions/lab_03_work_01/Debug/lab_03_work_01.tlog/lab_03_work_01.lastbuildstate' -> 'gdrive://www.googleapis.com/POIS_OPEN/Projects/Projects/Lab_Solutions/lab_03_work_01/Debug/lab_03_work_01.tlog/lab_03_work_01.lastbuildstate'
2016-10-16 23:51:57: Скопирован новый 'E:/Projects/VisualStudio/Lab_Solutions/lab_03_work_01/Debug/lab_03_work_01.tlog/link.command.1.tlog' -> 'gdrive://www.googleapis.com/POIS_OPEN/Projects/Projects/Lab_Solutions/lab_03_work_01/Debug/lab_03_work_01.tlog/link.command.1.tlog'
2016-10-16 23:51:59: Скопирован новый 'E:/Projects/VisualStudio/Lab_Solutions/lab_03_work_01/Debug/lab_03_work_01.tlog/link.read.1.tlog' -> 'gdrive://www.googleapis.com/POIS_OPEN/Projects/Projects/Lab_Solutions/lab_03_work_01/Debug/lab_03_work_01.tlog/link.read.1.tlog'
2016-10-16 23:52:01: Скопирован новый 'E:/Projects/VisualStudio/Lab_Solutions/lab_03_work_01/Debug/lab_03_work_01.tlog/link.write.1.tlog' -> 'gdrive://www.googleapis.com/POIS_OPEN/Projects/Projects/Lab_Solutions/lab_03_work_01/Debug/lab_03_work_01.tlog/link.write.1.tlog'
2016-10-16 23:52:03: Скопирован новый 'E:/Projects/VisualStudio/Lab_Solutions/lab_03_work_01/Debug/main.obj' -> 'gdrive://www.googleapis.com/POIS_OPEN/Projects/Projects/Lab_Solutions/lab_03_work_01/Debug/main.obj'
2016-10-16 23:52:06: Скопирован новый 'E:/Projects/VisualStudio/Lab_Solutions/lab_03_work_01/Debug/vc140.idb' -> 'gdrive://www.googleapis.com/POIS_OPEN/Projects/Projects/Lab_Solutions/lab_03_work_01/Debug/vc140.idb'
2016-10-16 23:52:09: Скопирован новый 'E:/Projects/VisualStudio/Lab_Solutions/lab_03_work_01/Debug/vc140.pdb' -> 'gdrive://www.googleapis.com/POIS_OPEN/Projects/Projects/Lab_Solutions/lab_03_work_01/Debug/vc140.pdb'
2016-10-16 23:52:11: Скопирован новый 'E:/Projects/VisualStudio/Lab_Solutions/lab_03_work_01/lab_03_01.cpp' -> 'gdrive://www.googleapis.com/POIS_OPEN/Projects/Projects/Lab_Solutions/lab_03_work_01/lab_03_01.cpp'
2016-10-16 23:52:12: Скопирован новый 'E:/Projects/VisualStudio/Lab_Solutions/lab_03_work_01/lab_03_work_01.vcxproj' -> 'gdrive://www.googleapis.com/POIS_OPEN/Projects/Projects/Lab_Solutions/lab_03_work_01/lab_03_work_01.vcxproj'
2016-10-16 23:52:14: Скопирован новый 'E:/Projects/VisualStudio/Lab_Solutions/lab_03_work_01/lab_03_work_01.vcxproj.filters' -> 'gdrive://www.googleapis.com/POIS_OPEN/Projects/Projects/Lab_Solutions/lab_03_work_01/lab_03_work_01.vcxproj.filters'
2016-10-16 23:52:15: Скопирован новый 'E:/Projects/VisualStudio/Lab_Solutions/lab_03_work_01/lab_03_work_01.vcxproj.user' -> 'gdrive://www.googleapis.com/POIS_OPEN/Projects/Projects/Lab_Solutions/lab_03_work_01/lab_03_work_01.vcxproj.user'
2016-10-16 23:52:17: Скопирован новый 'E:/Projects/VisualStudio/Lab_Solutions/lab_03_work_01/main.cpp' -> 'gdrive://www.googleapis.com/POIS_OPEN/Projects/Projects/Lab_Solutions/lab_03_work_01/main.cpp'
2016-10-16 23:52:19: Скопирован новый 'E:/Projects/VisualStudio/Lab_Solutions/lab_04_work_01/Debug/lab_04_01.obj' -> 'gdrive://www.googleapis.com/POIS_OPEN/Projects/Projects/Lab_Solutions/lab_04_work_01/Debug/lab_04_01.obj'
2016-10-16 23:52:21: Скопирован новый 'E:/Projects/VisualStudio/Lab_Solutions/lab_04_work_01/Debug/lab_04_work_01.log' -> 'gdrive://www.googleapis.com/POIS_OPEN/Projects/Projects/Lab_Solutions/lab_04_work_01/Debug/lab_04_work_01.log'
2016-10-16 23:52:23: Скопирован новый 'E:/Projects/VisualStudio/Lab_Solutions/lab_04_work_01/Debug/lab_04_work_01.tlog/CL.command.1.tlog' -> 'gdrive://www.googleapis.com/POIS_OPEN/Projects/Projects/Lab_Solutions/lab_04_work_01/Debug/lab_04_work_01.tlog/CL.command.1.tlog'
2016-10-16 23:52:25: Скопирован новый 'E:/Projects/VisualStudio/Lab_Solutions/lab_04_work_01/Debug/lab_04_work_01.tlog/CL.read.1.tlog' -> 'gdrive://www.googleapis.com/POIS_OPEN/Projects/Projects/Lab_Solutions/lab_04_work_01/Debug/lab_04_work_01.tlog/CL.read.1.tlog'
2016-10-16 23:52:26: Скопирован новый 'E:/Projects/VisualStudio/Lab_Solutions/lab_04_work_01/Debug/lab_04_work_01.tlog/CL.write.1.tlog' -> 'gdrive://www.googleapis.com/POIS_OPEN/Projects/Projects/Lab_Solutions/lab_04_work_01/Debug/lab_04_work_01.tlog/CL.write.1.tlog'
2016-10-16 23:52:28: Скопирован новый 'E:/Projects/VisualStudio/Lab_Solutions/lab_04_work_01/Debug/lab_04_work_01.tlog/lab_04_work_01.lastbuildstate' -> 'gdrive://www.googleapis.com/POIS_OPEN/Projects/Projects/Lab_Solutions/lab_04_work_01/Debug/lab_04_work_01.tlog/lab_04_work_01.lastbuildstate'
2016-10-16 23:52:30: Скопирован новый 'E:/Projects/VisualStudio/Lab_Solutions/lab_04_work_01/Debug/lab_04_work_01.tlog/link.command.1.tlog' -> 'gdrive://www.googleapis.com/POIS_OPEN/Projects/Projects/Lab_Solutions/lab_04_work_01/Debug/lab_04_work_01.tlog/link.command.1.tlog'
2016-10-16 23:52:31: Скопирован новый 'E:/Projects/VisualStudio/Lab_Solutions/lab_04_work_01/Debug/lab_04_work_01.tlog/link.read.1.tlog' -> 'gdrive://www.googleapis.com/POIS_OPEN/Projects/Projects/Lab_Solutions/lab_04_work_01/Debug/lab_04_work_01.tlog/link.read.1.tlog'
2016-10-16 23:52:33: Скопирован новый 'E:/Projects/VisualStudio/Lab_Solutions/lab_04_work_01/Debug/lab_04_work_01.tlog/link.write.1.tlog' -> 'gdrive://www.googleapis.com/POIS_OPEN/Projects/Projects/Lab_Solutions/lab_04_work_01/Debug/lab_04_work_01.tlog/link.write.1.tlog'
2016-10-16 23:52:35: Скопирован новый 'E:/Projects/VisualStudio/Lab_Solutions/lab_04_work_01/Debug/main.obj' -> 'gdrive://www.googleapis.com/POIS_OPEN/Projects/Projects/Lab_Solutions/lab_04_work_01/Debug/main.obj'
2016-10-16 23:52:37: Скопирован новый 'E:/Projects/VisualStudio/Lab_Solutions/lab_04_work_01/Debug/vc140.idb' -> 'gdrive://www.googleapis.com/POIS_OPEN/Projects/Projects/Lab_Solutions/lab_04_work_01/Debug/vc140.idb'
2016-10-16 23:52:40: Скопирован новый 'E:/Projects/VisualStudio/Lab_Solutions/lab_04_work_01/Debug/vc140.pdb' -> 'gdrive://www.googleapis.com/POIS_OPEN/Projects/Projects/Lab_Solutions/lab_04_work_01/Debug/vc140.pdb'
2016-10-16 23:52:41: Скопирован новый 'E:/Projects/VisualStudio/Lab_Solutions/lab_04_work_01/lab_04_01.cpp' -> 'gdrive://www.googleapis.com/POIS_OPEN/Projects/Projects/Lab_Solutions/lab_04_work_01/lab_04_01.cpp'
2016-10-16 23:52:43: Скопирован новый 'E:/Projects/VisualStudio/Lab_Solutions/lab_04_work_01/lab_04_work_01.vcxproj' -> 'gdrive://www.googleapis.com/POIS_OPEN/Projects/Projects/Lab_Solutions/lab_04_work_01/lab_04_work_01.vcxproj'
2016-10-16 23:52:45: Скопирован новый 'E:/Projects/VisualStudio/Lab_Solutions/lab_04_work_01/lab_04_work_01.vcxproj.filters' -> 'gdrive://www.googleapis.com/POIS_OPEN/Projects/Projects/Lab_Solutions/lab_04_work_01/lab_04_work_01.vcxproj.filters'
2016-10-16 23:52:46: Скопирован новый 'E:/Projects/VisualStudio/Lab_Solutions/lab_04_work_01/lab_04_work_01.vcxproj.user' -> 'gdrive://www.googleapis.com/POIS_OPEN/Projects/Projects/Lab_Solutions/lab_04_work_01/lab_04_work_01.vcxproj.user'
2016-10-16 23:52:48: Скопирован новый 'E:/Projects/VisualStudio/Lab_Solutions/lab_04_work_2/Debug/lab_04_02.obj' -> 'gdrive://www.googleapis.com/POIS_OPEN/Projects/Projects/Lab_Solutions/lab_04_work_2/Debug/lab_04_02.obj'
2016-10-16 23:52:50: Скопирован новый 'E:/Projects/VisualStudio/Lab_Solutions/lab_04_work_2/Debug/lab_04_work_2.log' -> 'gdrive://www.googleapis.com/POIS_OPEN/Projects/Projects/Lab_Solutions/lab_04_work_2/Debug/lab_04_work_2.log'
2016-10-16 23:52:52: Скопирован новый 'E:/Projects/VisualStudio/Lab_Solutions/lab_04_work_2/Debug/lab_04_work_2.tlog/CL.command.1.tlog' -> 'gdrive://www.googleapis.com/POIS_OPEN/Projects/Projects/Lab_Solutions/lab_04_work_2/Debug/lab_04_work_2.tlog/CL.command.1.tlog'
2016-10-16 23:52:54: Скопирован новый 'E:/Projects/VisualStudio/Lab_Solutions/lab_04_work_2/Debug/lab_04_work_2.tlog/CL.read.1.tlog' -> 'gdrive://www.googleapis.com/POIS_OPEN/Projects/Projects/Lab_Solutions/lab_04_work_2/Debug/lab_04_work_2.tlog/CL.read.1.tlog'
2016-10-16 23:52:55: Скопирован новый 'E:/Projects/VisualStudio/Lab_Solutions/lab_04_work_2/Debug/lab_04_work_2.tlog/CL.write.1.tlog' -> 'gdrive://www.googleapis.com/POIS_OPEN/Projects/Projects/Lab_Solutions/lab_04_work_2/Debug/lab_04_work_2.tlog/CL.write.1.tlog'
2016-10-16 23:52:57: Скопирован новый 'E:/Projects/VisualStudio/Lab_Solutions/lab_04_work_2/Debug/lab_04_work_2.tlog/lab_04_work_2.lastbuildstate' -> 'gdrive://www.googleapis.com/POIS_OPEN/Projects/Projects/Lab_Solutions/lab_04_work_2/Debug/lab_04_work_2.tlog/lab_04_work_2.lastbuildstate'
2016-10-16 23:52:59: Скопирован новый 'E:/Projects/VisualStudio/Lab_Solutions/lab_04_work_2/Debug/lab_04_work_2.tlog/link.command.1.tlog' -> 'gdrive://www.googleapis.com/POIS_OPEN/Projects/Projects/Lab_Solutions/lab_04_work_2/Debug/lab_04_work_2.tlog/link.command.1.tlog'
2016-10-16 23:53:01: Скопирован новый 'E:/Projects/VisualStudio/Lab_Solutions/lab_04_work_2/Debug/lab_04_work_2.tlog/link.read.1.tlog' -> 'gdrive://www.googleapis.com/POIS_OPEN/Projects/Projects/Lab_Solutions/lab_04_work_2/Debug/lab_04_work_2.tlog/link.read.1.tlog'
2016-10-16 23:53:02: Скопирован новый 'E:/Projects/VisualStudio/Lab_Solutions/lab_04_work_2/Debug/lab_04_work_2.tlog/link.write.1.tlog' -> 'gdrive://www.googleapis.com/POIS_OPEN/Projects/Projects/Lab_Solutions/lab_04_work_2/Debug/lab_04_work_2.tlog/link.write.1.tlog'
2016-10-16 23:53:04: Скопирован новый 'E:/Projects/VisualStudio/Lab_Solutions/lab_04_work_2/Debug/vc140.idb' -> 'gdrive://www.googleapis.com/POIS_OPEN/Projects/Projects/Lab_Solutions/lab_04_work_2/Debug/vc140.idb'
2016-10-16 23:53:07: Скопирован новый 'E:/Projects/VisualStudio/Lab_Solutions/lab_04_work_2/Debug/vc140.pdb' -> 'gdrive://www.googleapis.com/POIS_OPEN/Projects/Projects/Lab_Solutions/lab_04_work_2/Debug/vc140.pdb'
2016-10-16 23:53:09: Скопирован новый 'E:/Projects/VisualStudio/Lab_Solutions/lab_04_work_2/lab_04_02.cpp' -> 'gdrive://www.googleapis.com/POIS_OPEN/Projects/Projects/Lab_Solutions/lab_04_work_2/lab_04_02.cpp'
2016-10-16 23:53:10: Скопирован новый 'E:/Projects/VisualStudio/Lab_Solutions/lab_04_work_2/lab_04_work_2.vcxproj' -> 'gdrive://www.googleapis.com/POIS_OPEN/Projects/Projects/Lab_Solutions/lab_04_work_2/lab_04_work_2.vcxproj'
2016-10-16 23:53:12: Скопирован новый 'E:/Projects/VisualStudio/Lab_Solutions/lab_04_work_2/lab_04_work_2.vcxproj.filters' -> 'gdrive://www.googleapis.com/POIS_OPEN/Projects/Projects/Lab_Solutions/lab_04_work_2/lab_04_work_2.vcxproj.filters'
2016-10-16 23:53:14: Скопирован новый 'E:/Projects/VisualStudio/Lab_Solutions/lab_04_work_2/lab_04_work_2.vcxproj.user' -> 'gdrive://www.googleapis.com/POIS_OPEN/Projects/Projects/Lab_Solutions/lab_04_work_2/lab_04_work_2.vcxproj.user'
2016-10-16 23:53:15: Скопирован новый 'E:/Projects/VisualStudio/Lab_Solutions/lab_05_work_01/Debug/lab_05_01.obj' -> 'gdrive://www.googleapis.com/POIS_OPEN/Projects/Projects/Lab_Solutions/lab_05_work_01/Debug/lab_05_01.obj'
2016-10-16 23:53:17: Скопирован новый 'E:/Projects/VisualStudio/Lab_Solutions/lab_05_work_01/Debug/lab_05_work_01.log' -> 'gdrive://www.googleapis.com/POIS_OPEN/Projects/Projects/Lab_Solutions/lab_05_work_01/Debug/lab_05_work_01.log'
2016-10-16 23:53:19: Скопирован новый 'E:/Projects/VisualStudio/Lab_Solutions/lab_05_work_01/Debug/lab_05_work_01.tlog/CL.command.1.tlog' -> 'gdrive://www.googleapis.com/POIS_OPEN/Projects/Projects/Lab_Solutions/lab_05_work_01/Debug/lab_05_work_01.tlog/CL.command.1.tlog'
2016-10-16 23:53:21: Скопирован новый 'E:/Projects/VisualStudio/Lab_Solutions/lab_05_work_01/Debug/lab_05_work_01.tlog/CL.read.1.tlog' -> 'gdrive://www.googleapis.com/POIS_OPEN/Projects/Projects/Lab_Solutions/lab_05_work_01/Debug/lab_05_work_01.tlog/CL.read.1.tlog'
2016-10-16 23:53:23: Скопирован новый 'E:/Projects/VisualStudio/Lab_Solutions/lab_05_work_01/Debug/lab_05_work_01.tlog/CL.write.1.tlog' -> 'gdrive://www.googleapis.com/POIS_OPEN/Projects/Projects/Lab_Solutions/lab_05_work_01/Debug/lab_05_work_01.tlog/CL.write.1.tlog'
2016-10-16 23:53:24: Скопирован новый 'E:/Projects/VisualStudio/Lab_Solutions/lab_05_work_01/Debug/lab_05_work_01.tlog/lab_05_work_01.lastbuildstate' -> 'gdrive://www.googleapis.com/POIS_OPEN/Projects/Projects/Lab_Solutions/lab_05_work_01/Debug/lab_05_work_01.tlog/lab_05_work_01.lastbuildstate'
2016-10-16 23:53:26: Скопирован новый 'E:/Projects/VisualStudio/Lab_Solutions/lab_05_work_01/Debug/lab_05_work_01.tlog/link.command.1.tlog' -> 'gdrive://www.googleapis.com/POIS_OPEN/Projects/Projects/Lab_Solutions/lab_05_work_01/Debug/lab_05_work_01.tlog/link.command.1.tlog'
2016-10-16 23:53:27: Скопирован новый 'E:/Projects/VisualStudio/Lab_Solutions/lab_05_work_01/Debug/lab_05_work_01.tlog/link.read.1.tlog' -> 'gdrive://www.googleapis.com/POIS_OPEN/Projects/Projects/Lab_Solutions/lab_05_work_01/Debug/lab_05_work_01.tlog/link.read.1.tlog'
2016-10-16 23:53:30: Скопирован новый 'E:/Projects/VisualStudio/Lab_Solutions/lab_05_work_01/Debug/lab_05_work_01.tlog/link.write.1.tlog' -> 'gdrive://www.googleapis.com/POIS_OPEN/Projects/Projects/Lab_Solutions/lab_05_work_01/Debug/lab_05_work_01.tlog/link.write.1.tlog'
2016-10-16 23:53:32: Скопирован новый 'E:/Projects/VisualStudio/Lab_Solutions/lab_05_work_01/Debug/vc140.idb' -> 'gdrive://www.googleapis.com/POIS_OPEN/Projects/Projects/Lab_Solutions/lab_05_work_01/Debug/vc140.idb'
2016-10-16 23:53:35: Скопирован новый 'E:/Projects/VisualStudio/Lab_Solutions/lab_05_work_01/Debug/vc140.pdb' -> 'gdrive://www.googleapis.com/POIS_OPEN/Projects/Projects/Lab_Solutions/lab_05_work_01/Debug/vc140.pdb'
2016-10-16 23:53:36: Скопирован новый 'E:/Projects/VisualStudio/Lab_Solutions/lab_05_work_01/lab_05_01.cpp' -> 'gdrive://www.googleapis.com/POIS_OPEN/Projects/Projects/Lab_Solutions/lab_05_work_01/lab_05_01.cpp'
2016-10-16 23:53:38: Скопирован новый 'E:/Projects/VisualStudio/Lab_Solutions/lab_05_work_01/lab_05_work_01.vcxproj' -> 'gdrive://www.googleapis.com/POIS_OPEN/Projects/Projects/Lab_Solutions/lab_05_work_01/lab_05_work_01.vcxproj'
2016-10-16 23:53:40: Скопирован новый 'E:/Projects/VisualStudio/Lab_Solutions/lab_05_work_01/lab_05_work_01.vcxproj.filters' -> 'gdrive://www.googleapis.com/POIS_OPEN/Projects/Projects/Lab_Solutions/lab_05_work_01/lab_05_work_01.vcxproj.filters'
2016-10-16 23:53:41: Скопирован новый 'E:/Projects/VisualStudio/Lab_Solutions/lab_05_work_01/lab_05_work_01.vcxproj.user' -> 'gdrive://www.googleapis.com/POIS_OPEN/Projects/Projects/Lab_Solutions/lab_05_work_01/lab_05_work_01.vcxproj.user'
2016-10-16 23:53:43: Скопирован новый 'E:/Projects/VisualStudio/Lab_Solutions/lab_05_work_02/Debug/lab_05_02.obj' -> 'gdrive://www.googleapis.com/POIS_OPEN/Projects/Projects/Lab_Solutions/lab_05_work_02/Debug/lab_05_02.obj'
2016-10-16 23:53:45: Скопирован новый 'E:/Projects/VisualStudio/Lab_Solutions/lab_05_work_02/Debug/lab_05_work_02.log' -> 'gdrive://www.googleapis.com/POIS_OPEN/Projects/Projects/Lab_Solutions/lab_05_work_02/Debug/lab_05_work_02.log'
2016-10-16 23:53:47: Скопирован новый 'E:/Projects/VisualStudio/Lab_Solutions/lab_05_work_02/Debug/lab_05_work_02.tlog/CL.command.1.tlog' -> 'gdrive://www.googleapis.com/POIS_OPEN/Projects/Projects/Lab_Solutions/lab_05_work_02/Debug/lab_05_work_02.tlog/CL.command.1.tlog'
2016-10-16 23:53:49: Скопирован новый 'E:/Projects/VisualStudio/Lab_Solutions/lab_05_work_02/Debug/lab_05_work_02.tlog/CL.read.1.tlog' -> 'gdrive://www.googleapis.com/POIS_OPEN/Projects/Projects/Lab_Solutions/lab_05_work_02/Debug/lab_05_work_02.tlog/CL.read.1.tlog'
2016-10-16 23:53:51: Скопирован новый 'E:/Projects/VisualStudio/Lab_Solutions/lab_05_work_02/Debug/lab_05_work_02.tlog/CL.write.1.tlog' -> 'gdrive://www.googleapis.com/POIS_OPEN/Projects/Projects/Lab_Solutions/lab_05_work_02/Debug/lab_05_work_02.tlog/CL.write.1.tlog'
2016-10-16 23:53:52: Скопирован новый 'E:/Projects/VisualStudio/Lab_Solutions/lab_05_work_02/Debug/lab_05_work_02.tlog/lab_05_work_02.lastbuildstate' -> 'gdrive://www.googleapis.com/POIS_OPEN/Projects/Projects/Lab_Solutions/lab_05_work_02/Debug/lab_05_work_02.tlog/lab_05_work_02.lastbuildstate'
2016-10-16 23:53:54: Скопирован новый 'E:/Projects/VisualStudio/Lab_Solutions/lab_05_work_02/Debug/lab_05_work_02.tlog/link.command.1.tlog' -> 'gdrive://www.googleapis.com/POIS_OPEN/Projects/Projects/Lab_Solutions/lab_05_work_02/Debug/lab_05_work_02.tlog/link.command.1.tlog'
2016-10-16 23:53:55: Скопирован новый 'E:/Projects/VisualStudio/Lab_Solutions/lab_05_work_02/Debug/lab_05_work_02.tlog/link.read.1.tlog' -> 'gdrive://www.googleapis.com/POIS_OPEN/Projects/Projects/Lab_Solutions/lab_05_work_02/Debug/lab_05_work_02.tlog/link.read.1.tlog'
2016-10-16 23:53:57: Скопирован новый 'E:/Projects/VisualStudio/Lab_Solutions/lab_05_work_02/Debug/lab_05_work_02.tlog/link.write.1.tlog' -> 'gdrive://www.googleapis.com/POIS_OPEN/Projects/Projects/Lab_Solutions/lab_05_work_02/Debug/lab_05_work_02.tlog/link.write.1.tlog'
2016-10-16 23:53:59: Скопирован новый 'E:/Projects/VisualStudio/Lab_Solutions/lab_05_work_02/Debug/vc140.idb' -> 'gdrive://www.googleapis.com/POIS_OPEN/Projects/Projects/Lab_Solutions/lab_05_work_02/Debug/vc140.idb'
2016-10-16 23:54:02: Скопирован новый 'E:/Projects/VisualStudio/Lab_Solutions/lab_05_work_02/Debug/vc140.pdb' -> 'gdrive://www.googleapis.com/POIS_OPEN/Projects/Projects/Lab_Solutions/lab_05_work_02/Debug/vc140.pdb'
2016-10-16 23:54:04: Скопирован новый 'E:/Projects/VisualStudio/Lab_Solutions/lab_05_work_02/lab_05_02.cpp' -> 'gdrive://www.googleapis.com/POIS_OPEN/Projects/Projects/Lab_Solutions/lab_05_work_02/lab_05_02.cpp'
2016-10-16 23:54:06: Скопирован новый 'E:/Projects/VisualStudio/Lab_Solutions/lab_05_work_02/lab_05_work_02.vcxproj' -> 'gdrive://www.googleapis.com/POIS_OPEN/Projects/Projects/Lab_Solutions/lab_05_work_02/lab_05_work_02.vcxproj'
2016-10-16 23:54:07: Скопирован новый 'E:/Projects/VisualStudio/Lab_Solutions/lab_05_work_02/lab_05_work_02.vcxproj.filters' -> 'gdrive://www.googleapis.com/POIS_OPEN/Projects/Projects/Lab_Solutions/lab_05_work_02/lab_05_work_02.vcxproj.filters'
2016-10-16 23:54:09: Скопирован новый 'E:/Projects/VisualStudio/Lab_Solutions/lab_05_work_02/lab_05_work_02.vcxproj.user' -> 'gdrive://www.googleapis.com/POIS_OPEN/Projects/Projects/Lab_Solutions/lab_05_work_02/lab_05_work_02.vcxproj.user'
2016-10-16 23:54:11: Скопирован новый 'E:/Projects/VisualStudio/Lab_Solutions/lab_06_work_01/Debug/lab_06_01.obj' -> 'gdrive://www.googleapis.com/POIS_OPEN/Projects/Projects/Lab_Solutions/lab_06_work_01/Debug/lab_06_01.obj'
2016-10-16 23:54:13: Скопирован новый 'E:/Projects/VisualStudio/Lab_Solutions/lab_06_work_01/Debug/lab_06_work_01.log' -> 'gdrive://www.googleapis.com/POIS_OPEN/Projects/Projects/Lab_Solutions/lab_06_work_01/Debug/lab_06_work_01.log'
2016-10-16 23:54:14: Скопирован новый 'E:/Projects/VisualStudio/Lab_Solutions/lab_06_work_01/Debug/lab_06_work_01.tlog/CL.command.1.tlog' -> 'gdrive://www.googleapis.com/POIS_OPEN/Projects/Projects/Lab_Solutions/lab_06_work_01/Debug/lab_06_work_01.tlog/CL.command.1.tlog'
2016-10-16 23:54:16: Скопирован новый 'E:/Projects/VisualStudio/Lab_Solutions/lab_06_work_01/Debug/lab_06_work_01.tlog/CL.read.1.tlog' -> 'gdrive://www.googleapis.com/POIS_OPEN/Projects/Projects/Lab_Solutions/lab_06_work_01/Debug/lab_06_work_01.tlog/CL.read.1.tlog'
2016-10-16 23:54:17: Скопирован новый 'E:/Projects/VisualStudio/Lab_Solutions/lab_06_work_01/Debug/lab_06_work_01.tlog/CL.write.1.tlog' -> 'gdrive://www.googleapis.com/POIS_OPEN/Projects/Projects/Lab_Solutions/lab_06_work_01/Debug/lab_06_work_01.tlog/CL.write.1.tlog'
2016-10-16 23:54:19: Скопирован новый 'E:/Projects/VisualStudio/Lab_Solutions/lab_06_work_01/Debug/lab_06_work_01.tlog/lab_06_work_01.lastbuildstate' -> 'gdrive://www.googleapis.com/POIS_OPEN/Projects/Projects/Lab_Solutions/lab_06_work_01/Debug/lab_06_work_01.tlog/lab_06_work_01.lastbuildstate'
2016-10-16 23:54:21: Скопирован новый 'E:/Projects/VisualStudio/Lab_Solutions/lab_06_work_01/Debug/lab_06_work_01.tlog/link.command.1.tlog' -> 'gdrive://www.googleapis.com/POIS_OPEN/Projects/Projects/Lab_Solutions/lab_06_work_01/Debug/lab_06_work_01.tlog/link.command.1.tlog'
2016-10-16 23:54:22: Скопирован новый 'E:/Projects/VisualStudio/Lab_Solutions/lab_06_work_01/Debug/lab_06_work_01.tlog/link.read.1.tlog' -> 'gdrive://www.googleapis.com/POIS_OPEN/Projects/Projects/Lab_Solutions/lab_06_work_01/Debug/lab_06_work_01.tlog/link.read.1.tlog'
2016-10-16 23:54:24: Скопирован новый 'E:/Projects/VisualStudio/Lab_Solutions/lab_06_work_01/Debug/lab_06_work_01.tlog/link.write.1.tlog' -> 'gdrive://www.googleapis.com/POIS_OPEN/Projects/Projects/Lab_Solutions/lab_06_work_01/Debug/lab_06_work_01.tlog/link.write.1.tlog'
2016-10-16 23:54:28: Скопирован новый 'E:/Projects/VisualStudio/Lab_Solutions/lab_06_work_01/Debug/vc140.idb' -> 'gdrive://www.googleapis.com/POIS_OPEN/Projects/Projects/Lab_Solutions/lab_06_work_01/Debug/vc140.idb'
2016-10-16 23:54:31: Скопирован новый 'E:/Projects/VisualStudio/Lab_Solutions/lab_06_work_01/Debug/vc140.pdb' -> 'gdrive://www.googleapis.com/POIS_OPEN/Projects/Projects/Lab_Solutions/lab_06_work_01/Debug/vc140.pdb'
2016-10-16 23:54:32: Скопирован новый 'E:/Projects/VisualStudio/Lab_Solutions/lab_06_work_01/lab_06_01.cpp' -> 'gdrive://www.googleapis.com/POIS_OPEN/Projects/Projects/Lab_Solutions/lab_06_work_01/lab_06_01.cpp'
2016-10-16 23:54:34: Скопирован новый 'E:/Projects/VisualStudio/Lab_Solutions/lab_06_work_01/lab_06_work_01.vcxproj' -> 'gdrive://www.googleapis.com/POIS_OPEN/Projects/Projects/Lab_Solutions/lab_06_work_01/lab_06_work_01.vcxproj'
2016-10-16 23:54:36: Скопирован новый 'E:/Projects/VisualStudio/Lab_Solutions/lab_06_work_01/lab_06_work_01.vcxproj.filters' -> 'gdrive://www.googleapis.com/POIS_OPEN/Projects/Projects/Lab_Solutions/lab_06_work_01/lab_06_work_01.vcxproj.filters'
2016-10-16 23:54:37: Скопирован новый 'E:/Projects/VisualStudio/Lab_Solutions/lab_06_work_01/lab_06_work_01.vcxproj.user' -> 'gdrive://www.googleapis.com/POIS_OPEN/Projects/Projects/Lab_Solutions/lab_06_work_01/lab_06_work_01.vcxproj.user'
2016-10-16 23:54:39: Скопирован новый 'E:/Projects/VisualStudio/Lab_Solutions/lab_07_work_01/Debug/lab_07_01.obj' -> 'gdrive://www.googleapis.com/POIS_OPEN/Projects/Projects/Lab_Solutions/lab_07_work_01/Debug/lab_07_01.obj'
2016-10-16 23:54:40: Скопирован новый 'E:/Projects/VisualStudio/Lab_Solutions/lab_07_work_01/Debug/lab_07_work_01.log' -> 'gdrive://www.googleapis.com/POIS_OPEN/Projects/Projects/Lab_Solutions/lab_07_work_01/Debug/lab_07_work_01.log'
2016-10-16 23:54:42: Скопирован новый 'E:/Projects/VisualStudio/Lab_Solutions/lab_07_work_01/Debug/lab_07_work_01.tlog/CL.command.1.tlog' -> 'gdrive://www.googleapis.com/POIS_OPEN/Projects/Projects/Lab_Solutions/lab_07_work_01/Debug/lab_07_work_01.tlog/CL.command.1.tlog'
2016-10-16 23:54:44: Скопирован новый 'E:/Projects/VisualStudio/Lab_Solutions/lab_07_work_01/Debug/lab_07_work_01.tlog/CL.read.1.tlog' -> 'gdrive://www.googleapis.com/POIS_OPEN/Projects/Projects/Lab_Solutions/lab_07_work_01/Debug/lab_07_work_01.tlog/CL.read.1.tlog'
2016-10-16 23:54:46: Скопирован новый 'E:/Projects/VisualStudio/Lab_Solutions/lab_07_work_01/Debug/lab_07_work_01.tlog/CL.write.1.tlog' -> 'gdrive://www.googleapis.com/POIS_OPEN/Projects/Projects/Lab_Solutions/lab_07_work_01/Debug/lab_07_work_01.tlog/CL.write.1.tlog'
2016-10-16 23:54:47: Скопирован новый 'E:/Projects/VisualStudio/Lab_Solutions/lab_07_work_01/Debug/lab_07_work_01.tlog/lab_07_work_01.lastbuildstate' -> 'gdrive://www.googleapis.com/POIS_OPEN/Projects/Projects/Lab_Solutions/lab_07_work_01/Debug/lab_07_work_01.tlog/lab_07_work_01.lastbuildstate'
2016-10-16 23:54:49: Скопирован новый 'E:/Projects/VisualStudio/Lab_Solutions/lab_07_work_01/Debug/lab_07_work_01.tlog/link.command.1.tlog' -> 'gdrive://www.googleapis.com/POIS_OPEN/Projects/Projects/Lab_Solutions/lab_07_work_01/Debug/lab_07_work_01.tlog/link.command.1.tlog'
2016-10-16 23:54:51: Скопирован новый 'E:/Projects/VisualStudio/Lab_Solutions/lab_07_work_01/Debug/lab_07_work_01.tlog/link.read.1.tlog' -> 'gdrive://www.googleapis.com/POIS_OPEN/Projects/Projects/Lab_Solutions/lab_07_work_01/Debug/lab_07_work_01.tlog/link.read.1.tlog'
2016-10-16 23:54:52: Скопирован новый 'E:/Projects/VisualStudio/Lab_Solutions/lab_07_work_01/Debug/lab_07_work_01.tlog/link.write.1.tlog' -> 'gdrive://www.googleapis.com/POIS_OPEN/Projects/Projects/Lab_Solutions/lab_07_work_01/Debug/lab_07_work_01.tlog/link.write.1.tlog'
2016-10-16 23:55:02: Скопирован новый 'E:/Projects/VisualStudio/Lab_Solutions/lab_07_work_01/Debug/vc140.idb' -> 'gdrive://www.googleapis.com/POIS_OPEN/Projects/Projects/Lab_Solutions/lab_07_work_01/Debug/vc140.idb'
2016-10-16 23:55:06: Скопирован новый 'E:/Projects/VisualStudio/Lab_Solutions/lab_07_work_01/Debug/vc140.pdb' -> 'gdrive://www.googleapis.com/POIS_OPEN/Projects/Projects/Lab_Solutions/lab_07_work_01/Debug/vc140.pdb'
2016-10-16 23:55:08: Скопирован новый 'E:/Projects/VisualStudio/Lab_Solutions/lab_07_work_01/file.txt' -> 'gdrive://www.googleapis.com/POIS_OPEN/Projects/Projects/Lab_Solutions/lab_07_work_01/file.txt'
2016-10-16 23:55:10: Скопирован новый 'E:/Projects/VisualStudio/Lab_Solutions/lab_07_work_01/lab_07_01.cpp' -> 'gdrive://www.googleapis.com/POIS_OPEN/Projects/Projects/Lab_Solutions/lab_07_work_01/lab_07_01.cpp'
2016-10-16 23:55:11: Скопирован новый 'E:/Projects/VisualStudio/Lab_Solutions/lab_07_work_01/lab_07_work_01.vcxproj' -> 'gdrive://www.googleapis.com/POIS_OPEN/Projects/Projects/Lab_Solutions/lab_07_work_01/lab_07_work_01.vcxproj'
2016-10-16 23:55:13: Скопирован новый 'E:/Projects/VisualStudio/Lab_Solutions/lab_07_work_01/lab_07_work_01.vcxproj.filters' -> 'gdrive://www.googleapis.com/POIS_OPEN/Projects/Projects/Lab_Solutions/lab_07_work_01/lab_07_work_01.vcxproj.filters'
2016-10-16 23:55:14: Скопирован новый 'E:/Projects/VisualStudio/Lab_Solutions/lab_07_work_01/lab_07_work_01.vcxproj.user' -> 'gdrive://www.googleapis.com/POIS_OPEN/Projects/Projects/Lab_Solutions/lab_07_work_01/lab_07_work_01.vcxproj.user'
2016-10-16 23:55:16: Скопирован новый 'E:/Projects/VisualStudio/Lab_Solutions/lab_2_work_04/Debug/lab_02_04.obj' -> 'gdrive://www.googleapis.com/POIS_OPEN/Projects/Projects/Lab_Solutions/lab_2_work_04/Debug/lab_02_04.obj'
2016-10-16 23:55:18: Скопирован новый 'E:/Projects/VisualStudio/Lab_Solutions/lab_2_work_04/Debug/lab_02_work_04.Build.CppClean.log' -> 'gdrive://www.googleapis.com/POIS_OPEN/Projects/Projects/Lab_Solutions/lab_2_work_04/Debug/lab_02_work_04.Build.CppClean.log'
2016-10-16 23:55:20: Скопирован новый 'E:/Projects/VisualStudio/Lab_Solutions/lab_2_work_04/Debug/lab_02_work_04.tlog/CL.command.1.tlog' -> 'gdrive://www.googleapis.com/POIS_OPEN/Projects/Projects/Lab_Solutions/lab_2_work_04/Debug/lab_02_work_04.tlog/CL.command.1.tlog'
2016-10-16 23:55:22: Скопирован новый 'E:/Projects/VisualStudio/Lab_Solutions/lab_2_work_04/Debug/lab_02_work_04.tlog/CL.read.1.tlog' -> 'gdrive://www.googleapis.com/POIS_OPEN/Projects/Projects/Lab_Solutions/lab_2_work_04/Debug/lab_02_work_04.tlog/CL.read.1.tlog'
2016-10-16 23:55:24: Скопирован новый 'E:/Projects/VisualStudio/Lab_Solutions/lab_2_work_04/Debug/lab_02_work_04.tlog/CL.write.1.tlog' -> 'gdrive://www.googleapis.com/POIS_OPEN/Projects/Projects/Lab_Solutions/lab_2_work_04/Debug/lab_02_work_04.tlog/CL.write.1.tlog'
2016-10-16 23:55:25: Скопирован новый 'E:/Projects/VisualStudio/Lab_Solutions/lab_2_work_04/Debug/lab_02_work_04.tlog/lab_02_work_04.lastbuildstate' -> 'gdrive://www.googleapis.com/POIS_OPEN/Projects/Projects/Lab_Solutions/lab_2_work_04/Debug/lab_02_work_04.tlog/lab_02_work_04.lastbuildstate'
2016-10-16 23:55:27: Скопирован новый 'E:/Projects/VisualStudio/Lab_Solutions/lab_2_work_04/Debug/lab_02_work_04.tlog/link.command.1.tlog' -> 'gdrive://www.googleapis.com/POIS_OPEN/Projects/Projects/Lab_Solutions/lab_2_work_04/Debug/lab_02_work_04.tlog/link.command.1.tlog'
2016-10-16 23:55:29: Скопирован новый 'E:/Projects/VisualStudio/Lab_Solutions/lab_2_work_04/Debug/lab_02_work_04.tlog/link.read.1.tlog' -> 'gdrive://www.googleapis.com/POIS_OPEN/Projects/Projects/Lab_Solutions/lab_2_work_04/Debug/lab_02_work_04.tlog/link.read.1.tlog'
2016-10-16 23:55:31: Скопирован новый 'E:/Projects/VisualStudio/Lab_Solutions/lab_2_work_04/Debug/lab_02_work_04.tlog/link.write.1.tlog' -> 'gdrive://www.googleapis.com/POIS_OPEN/Projects/Projects/Lab_Solutions/lab_2_work_04/Debug/lab_02_work_04.tlog/link.write.1.tlog'
2016-10-16 23:55:33: Скопирован новый 'E:/Projects/VisualStudio/Lab_Solutions/lab_2_work_04/Debug/lab_2_work_04.Build.CppClean.log' -> 'gdrive://www.googleapis.com/POIS_OPEN/Projects/Projects/Lab_Solutions/lab_2_work_04/Debug/lab_2_work_04.Build.CppClean.log'
2016-10-16 23:55:35: Скопирован новый 'E:/Projects/VisualStudio/Lab_Solutions/lab_2_work_04/Debug/lab_2_work_04.log' -> 'gdrive://www.googleapis.com/POIS_OPEN/Projects/Projects/Lab_Solutions/lab_2_work_04/Debug/lab_2_work_04.log'
2016-10-16 23:55:37: Скопирован новый 'E:/Projects/VisualStudio/Lab_Solutions/lab_2_work_04/Debug/lab_2_work_04.tlog/CL.command.1.tlog' -> 'gdrive://www.googleapis.com/POIS_OPEN/Projects/Projects/Lab_Solutions/lab_2_work_04/Debug/lab_2_work_04.tlog/CL.command.1.tlog'
2016-10-16 23:55:39: Скопирован новый 'E:/Projects/VisualStudio/Lab_Solutions/lab_2_work_04/Debug/lab_2_work_04.tlog/CL.read.1.tlog' -> 'gdrive://www.googleapis.com/POIS_OPEN/Projects/Projects/Lab_Solutions/lab_2_work_04/Debug/lab_2_work_04.tlog/CL.read.1.tlog'
2016-10-16 23:55:40: Скопирован новый 'E:/Projects/VisualStudio/Lab_Solutions/lab_2_work_04/Debug/lab_2_work_04.tlog/CL.write.1.tlog' -> 'gdrive://www.googleapis.com/POIS_OPEN/Projects/Projects/Lab_Solutions/lab_2_work_04/Debug/lab_2_work_04.tlog/CL.write.1.tlog'
2016-10-16 23:55:42: Скопирован новый 'E:/Projects/VisualStudio/Lab_Solutions/lab_2_work_04/Debug/lab_2_work_04.tlog/lab_2_work_04.lastbuildstate' -> 'gdrive://www.googleapis.com/POIS_OPEN/Projects/Projects/Lab_Solutions/lab_2_work_04/Debug/lab_2_work_04.tlog/lab_2_work_04.lastbuildstate'
2016-10-16 23:55:43: Скопирован новый 'E:/Projects/VisualStudio/Lab_Solutions/lab_2_work_04/Debug/lab_2_work_04.tlog/link.command.1.tlog' -> 'gdrive://www.googleapis.com/POIS_OPEN/Projects/Projects/Lab_Solutions/lab_2_work_04/Debug/lab_2_work_04.tlog/link.command.1.tlog'
2016-10-16 23:55:45: Скопирован новый 'E:/Projects/VisualStudio/Lab_Solutions/lab_2_work_04/Debug/lab_2_work_04.tlog/link.read.1.tlog' -> 'gdrive://www.googleapis.com/POIS_OPEN/Projects/Projects/Lab_Solutions/lab_2_work_04/Debug/lab_2_work_04.tlog/link.read.1.tlog'
2016-10-16 23:55:47: Скопирован новый 'E:/Projects/VisualStudio/Lab_Solutions/lab_2_work_04/Debug/lab_2_work_04.tlog/link.write.1.tlog' -> 'gdrive://www.googleapis.com/POIS_OPEN/Projects/Projects/Lab_Solutions/lab_2_work_04/Debug/lab_2_work_04.tlog/link.write.1.tlog'
2016-10-16 23:55:48: Скопирован новый 'E:/Projects/VisualStudio/Lab_Solutions/lab_2_work_04/Debug/main.obj' -> 'gdrive://www.googleapis.com/POIS_OPEN/Projects/Projects/Lab_Solutions/lab_2_work_04/Debug/main.obj'
2016-10-16 23:55:51: Скопирован новый 'E:/Projects/VisualStudio/Lab_Solutions/lab_2_work_04/Debug/vc140.idb' -> 'gdrive://www.googleapis.com/POIS_OPEN/Projects/Projects/Lab_Solutions/lab_2_work_04/Debug/vc140.idb'
2016-10-16 23:55:54: Скопирован новый 'E:/Projects/VisualStudio/Lab_Solutions/lab_2_work_04/Debug/vc140.pdb' -> 'gdrive://www.googleapis.com/POIS_OPEN/Projects/Projects/Lab_Solutions/lab_2_work_04/Debug/vc140.pdb'
2016-10-16 23:55:55: Скопирован новый 'E:/Projects/VisualStudio/Lab_Solutions/lab_2_work_04/lab_02_04.cpp' -> 'gdrive://www.googleapis.com/POIS_OPEN/Projects/Projects/Lab_Solutions/lab_2_work_04/lab_02_04.cpp'
2016-10-16 23:55:57: Скопирован новый 'E:/Projects/VisualStudio/Lab_Solutions/lab_2_work_04/lab_2_work_04.vcxproj' -> 'gdrive://www.googleapis.com/POIS_OPEN/Projects/Projects/Lab_Solutions/lab_2_work_04/lab_2_work_04.vcxproj'
2016-10-16 23:55:59: Скопирован новый 'E:/Projects/VisualStudio/Lab_Solutions/lab_2_work_04/lab_2_work_04.vcxproj.filters' -> 'gdrive://www.googleapis.com/POIS_OPEN/Projects/Projects/Lab_Solutions/lab_2_work_04/lab_2_work_04.vcxproj.filters'
2016-10-16 23:56:00: Скопирован новый 'E:/Projects/VisualStudio/Lab_Solutions/lab_2_work_04/lab_2_work_04.vcxproj.user' -> 'gdrive://www.googleapis.com/POIS_OPEN/Projects/Projects/Lab_Solutions/lab_2_work_04/lab_2_work_04.vcxproj.user'
2016-10-16 23:56:02: Скопирован новый 'E:/Projects/VisualStudio/Lab_Solutions/lab_2_work_04/main.cpp' -> 'gdrive://www.googleapis.com/POIS_OPEN/Projects/Projects/Lab_Solutions/lab_2_work_04/main.cpp'
2016-10-16 23:56:04: Скопирован новый 'E:/Projects/VisualStudio/Lab_Solutions/Lab_Solutions.sln' -> 'gdrive://www.googleapis.com/POIS_OPEN/Projects/Projects/Lab_Solutions/Lab_Solutions.sln'
2016-10-17 00:04:06: Скопирован новый 'E:/Projects/VisualStudio/Lab_Solutions/Lab_Solutions.VC.db' -> 'gdrive://www.googleapis.com/POIS_OPEN/Projects/Projects/Lab_Solutions/Lab_Solutions.VC.db'
2016-10-17 00:04:09: ===== Синхронизация завершена. Время 00:21:24, Скорость: 36.9 КБ/s файлов/сек =====, Синхронизировано: 313, Ошибок: 0
2016-10-17 00:04:11: 
